2013-10-01_08:01:45 TNStatus off
2013-10-01_08:02:26 TNStatus on
2013-10-01_10:55:07 TNStatus on
2013-10-01_10:56:17 TNStatus on
2013-10-01_10:58:02 TNStatus on
2013-10-01_11:32:07 TNStatus on
2013-10-01_11:35:40 TNStatus on
2013-10-01_11:48:00 TNStatus on
2013-10-01_11:49:36 TNStatus on
2013-10-01_11:54:04 TNStatus on
2013-10-01_12:30:21 TNStatus on
2013-10-01_13:17:40 TNStatus on
2013-10-01_13:36:11 TNStatus on
2013-10-01_14:19:53 TNStatus on
2013-10-01_15:33:16 TNStatus on
2013-10-01_15:38:38 TNStatus on
2013-10-01_15:41:12 TNStatus on
2013-10-01_15:43:03 TNStatus on
2013-10-01_15:50:18 TNStatus on
2013-10-01_16:41:02 TNStatus on
2013-10-01_16:48:12 TNStatus on
2013-10-01_18:55:44 TNStatus on
2013-10-01_19:00:23 TNStatus on
2013-10-01_21:39:35 TNStatus on
2013-10-01_22:00:00 TNStatus off
2013-10-02_06:15:00 TNStatus on
2013-10-02_08:10:40 TNStatus on
2013-10-02_08:16:44 TNStatus on
2013-10-02_09:08:05 TNStatus on
2013-10-02_09:08:56 TNStatus on
2013-10-02_09:33:29 TNStatus on
2013-10-02_10:09:35 TNStatus on
2013-10-02_10:14:22 TNStatus on
2013-10-02_10:17:50 TNStatus on
2013-10-02_10:27:42 TNStatus on
2013-10-02_10:44:47 TNStatus on
2013-10-02_11:22:24 TNStatus on
2013-10-02_11:23:07 TNStatus on
2013-10-02_11:27:02 TNStatus on
2013-10-02_11:28:39 TNStatus on
2013-10-02_11:30:16 TNStatus on
2013-10-02_14:46:17 TNStatus on
2013-10-02_14:54:35 TNStatus on
2013-10-02_14:58:46 TNStatus on
2013-10-02_15:01:50 TNStatus on
2013-10-02_15:37:11 TNStatus on
2013-10-02_15:41:34 TNStatus off
2013-10-02_15:42:10 TNStatus on
2013-10-02_15:47:39 TNStatus on
2013-10-02_15:51:17 TNStatus on
2013-10-02_16:13:37 TNStatus on
2013-10-02_16:20:38 TNStatus on
2013-10-02_16:21:28 TNStatus on
2013-10-02_16:27:51 TNStatus on
2013-10-02_16:28:47 TNStatus off
2013-10-02_16:30:47 TNStatus on
2013-10-02_16:31:49 TNStatus on
2013-10-02_16:35:39 TNStatus on
2013-10-02_16:40:00 TNStatus on
2013-10-02_16:41:38 TNStatus on
2013-10-02_16:44:29 TNStatus on
2013-10-02_16:45:54 TNStatus on
2013-10-02_16:48:07 TNStatus on
2013-10-02_17:31:08 TNStatus on
2013-10-02_17:32:50 TNStatus on
2013-10-02_22:00:00 TNStatus off
2013-10-03_06:15:01 TNStatus on
2013-10-03_09:04:18 TNStatus off
2013-10-03_09:04:41 TNStatus on
2013-10-03_16:13:53 TNStatus off
2013-10-03_16:14:01 TNStatus on
2013-10-03_17:51:14 TNStatus on
2013-10-03_22:00:00 TNStatus off
2013-10-04_06:15:01 TNStatus on
2013-10-04_08:45:35 TNStatus off
2013-10-04_08:45:39 TNStatus on
2013-10-04_10:11:19 TNStatus on
2013-10-04_10:16:31 TNStatus on
2013-10-04_10:20:43 TNStatus on
2013-10-04_10:22:13 TNStatus on
2013-10-04_10:23:04 TNStatus on
2013-10-04_10:23:58 TNStatus on
2013-10-04_10:48:08 TNStatus on
2013-10-04_11:22:41 TNStatus on
2013-10-04_13:55:11 TNStatus on
2013-10-04_14:13:57 TNStatus on
2013-10-04_14:18:02 TNStatus on
2013-10-04_14:26:27 TNStatus on
2013-10-04_14:34:40 TNStatus off
2013-10-04_14:36:00 TNStatus on
2013-10-04_14:37:35 TNStatus on
2013-10-04_15:15:17 TNStatus on
2013-10-04_15:17:23 TNStatus on
2013-10-04_15:19:48 TNStatus on
2013-10-04_15:34:09 TNStatus on
2013-10-04_15:43:52 TNStatus on
2013-10-04_16:07:25 TNStatus on
2013-10-04_16:18:12 TNStatus on
2013-10-04_22:30:00 TNStatus off
2013-10-05_07:00:00 TNStatus on
2013-10-05_11:38:03 TNStatus off
2013-10-05_11:38:07 TNStatus on
2013-10-05_16:06:19 TNStatus on
2013-10-05_16:39:22 TNStatus off
2013-10-05_16:39:27 TNStatus on
2013-10-05_22:30:00 TNStatus off
2013-10-06_00:00:00 TNStatus off
2013-10-06_07:00:00 TNStatus on
2013-10-06_09:11:52 TNStatus on
2013-10-06_17:02:03 TNStatus on
2013-10-06_17:07:19 TNStatus on
2013-10-06_17:09:28 TNStatus on
2013-10-06_17:12:53 TNStatus on
2013-10-06_17:17:12 TNStatus on
2013-10-06_17:18:28 TNStatus on
2013-10-06_17:21:12 TNStatus on
2013-10-06_17:21:53 TNStatus on   << addLog
2013-10-06_17:23:04 TNStatus on   << addLog
2013-10-06_17:24:15 TNStatus on   << addLog
2013-10-06_17:25:27 TNStatus on
2013-10-06_18:18:30 TNStatus on
2013-10-06_18:18:34 TNStatus on   << addLog
2013-10-06_18:19:31 TNStatus on   << addLog
2013-10-06_19:18:11 TNStatus on   << addLog
2013-10-06_20:18:22 TNStatus on   << addLog
2013-10-06_21:18:33 TNStatus on   << addLog
2013-10-06_22:18:44 TNStatus on   << addLog
2013-10-06_22:30:00 TNStatus off
2013-10-06_23:18:55 TNStatus off   << addLog
2013-10-07_00:19:06 TNStatus off   << addLog
2013-10-07_01:19:17 TNStatus off   << addLog
2013-10-07_02:19:28 TNStatus off   << addLog
2013-10-07_03:19:39 TNStatus off   << addLog
2013-10-07_04:19:50 TNStatus off   << addLog
2013-10-07_05:20:02 TNStatus off   << addLog
2013-10-07_06:15:00 TNStatus on
2013-10-07_06:20:12 TNStatus on   << addLog
2013-10-07_07:20:23 TNStatus on   << addLog
2013-10-07_08:20:34 TNStatus on   << addLog
2013-10-07_09:20:45 TNStatus on   << addLog
2013-10-07_10:20:56 TNStatus on   << addLog
2013-10-07_11:21:07 TNStatus on   << addLog
2013-10-07_12:21:18 TNStatus on   << addLog
2013-10-07_13:21:29 TNStatus on   << addLog
2013-10-07_14:21:40 TNStatus on   << addLog
2013-10-07_15:21:51 TNStatus on   << addLog
2013-10-07_16:22:02 TNStatus on   << addLog
2013-10-07_16:43:07 TNStatus on
2013-10-07_17:39:01 TNStatus on
2013-10-07_18:17:38 TNStatus on   << addLog
2013-10-07_19:17:50 TNStatus on   << addLog
2013-10-07_20:18:00 TNStatus on   << addLog
2013-10-07_21:18:11 TNStatus on   << addLog
2013-10-07_22:00:00 TNStatus off
2013-10-07_22:18:22 TNStatus off   << addLog
2013-10-07_23:18:33 TNStatus off   << addLog
2013-10-08_00:18:44 TNStatus off   << addLog
2013-10-08_01:18:55 TNStatus off   << addLog
2013-10-08_02:19:06 TNStatus off   << addLog
2013-10-08_03:19:17 TNStatus off   << addLog
2013-10-08_04:19:28 TNStatus off   << addLog
2013-10-08_05:19:39 TNStatus off   << addLog
2013-10-08_06:15:00 TNStatus on
2013-10-08_06:19:50 TNStatus on   << addLog
2013-10-08_07:20:01 TNStatus on   << addLog
2013-10-08_08:20:12 TNStatus on   << addLog
2013-10-08_09:20:23 TNStatus on   << addLog
2013-10-08_10:20:34 TNStatus on   << addLog
2013-10-08_11:20:45 TNStatus on   << addLog
2013-10-08_11:29:32 TNStatus on
2013-10-08_11:43:39 TNStatus on
2013-10-08_11:47:12 TNStatus on
2013-10-08_11:50:39 TNStatus off
2013-10-08_11:50:41 TNStatus on
2013-10-08_11:50:42 TNStatus off
2013-10-08_11:50:44 TNStatus on
2013-10-08_11:53:50 TNStatus on
2013-10-08_11:55:37 TNStatus off
2013-10-08_11:55:43 TNStatus on
2013-10-08_12:00:08 TNStatus on
2013-10-08_12:59:49 TNStatus on   << addLog
2013-10-08_14:00:00 TNStatus on   << addLog
2013-10-08_15:00:11 TNStatus on   << addLog
2013-10-08_16:00:22 TNStatus on   << addLog
2013-10-08_16:30:52 TNStatus on
2013-10-08_16:38:35 TNStatus on
2013-10-08_16:40:47 TNStatus on
2013-10-08_16:45:29 TNStatus off
2013-10-08_16:45:36 TNStatus on
2013-10-08_16:50:08 TNStatus off
2013-10-08_16:51:25 TNStatus on
2013-10-08_16:56:49 TNStatus on
2013-10-08_17:56:30 TNStatus on   << addLog
2013-10-08_18:56:41 TNStatus on   << addLog
2013-10-08_19:56:52 TNStatus on   << addLog
2013-10-08_20:57:03 TNStatus on   << addLog
2013-10-08_21:57:14 TNStatus on   << addLog
2013-10-08_22:00:00 TNStatus off
2013-10-08_22:57:25 TNStatus off   << addLog
2013-10-08_23:57:36 TNStatus off   << addLog
2013-10-09_00:57:47 TNStatus off   << addLog
2013-10-09_01:57:58 TNStatus off   << addLog
2013-10-09_02:58:09 TNStatus off   << addLog
2013-10-09_03:58:21 TNStatus off   << addLog
2013-10-09_04:58:31 TNStatus off   << addLog
2013-10-09_05:58:42 TNStatus off   << addLog
2013-10-09_06:15:00 TNStatus on
2013-10-09_06:58:53 TNStatus on   << addLog
2013-10-09_07:59:04 TNStatus on   << addLog
2013-10-09_08:01:18 TNStatus Tag
2013-10-09_08:01:55 TNStatus Nacht
2013-10-09_08:02:05 TNStatus Tag
2013-10-09_08:05:31 TNStatus Tag
2013-10-09_08:05:51 TNStatus Nacht
2013-10-09_08:05:54 TNStatus Tag
2013-10-09_09:05:12 TNStatus Tag   << addLog
2013-10-09_10:05:26 TNStatus Tag   << addLog
2013-10-09_11:05:34 TNStatus Tag   << addLog
2013-10-09_12:05:45 TNStatus Tag   << addLog
2013-10-09_13:05:56 TNStatus Tag   << addLog
2013-10-09_14:06:07 TNStatus Tag   << addLog
2013-10-09_15:06:18 TNStatus Tag   << addLog
2013-10-09_16:06:29 TNStatus Tag   << addLog
2013-10-09_17:06:40 TNStatus Tag   << addLog
2013-10-09_18:06:51 TNStatus Tag   << addLog
2013-10-09_19:07:02 TNStatus Tag   << addLog
2013-10-09_20:07:13 TNStatus Tag   << addLog
2013-10-09_21:07:24 TNStatus Tag   << addLog
2013-10-09_22:00:00 TNStatus Nacht
2013-10-09_22:07:35 TNStatus Nacht   << addLog
2013-10-09_23:07:46 TNStatus Nacht   << addLog
2013-10-10_00:07:57 TNStatus Nacht   << addLog
2013-10-10_01:08:08 TNStatus Nacht   << addLog
2013-10-10_02:08:19 TNStatus Nacht   << addLog
2013-10-10_03:08:30 TNStatus Nacht   << addLog
2013-10-10_04:08:41 TNStatus Nacht   << addLog
2013-10-10_05:08:52 TNStatus Nacht   << addLog
2013-10-10_06:09:03 TNStatus Nacht   << addLog
2013-10-10_06:15:00 TNStatus Tag
2013-10-10_07:09:14 TNStatus Tag   << addLog
2013-10-10_08:09:25 TNStatus Tag   << addLog
2013-10-10_08:52:03 TNStatus Tag
2013-10-10_09:51:45 TNStatus Tag   << addLog
2013-10-10_10:51:56 TNStatus Tag   << addLog
2013-10-10_11:52:07 TNStatus Tag   << addLog
2013-10-10_12:52:18 TNStatus Tag   << addLog
2013-10-10_13:35:16 TNStatus Tag
2013-10-10_13:41:56 TNStatus Tag
2013-10-10_13:44:11 TNStatus Tag
2013-10-10_14:43:53 TNStatus Tag   << addLog
2013-10-10_15:44:04 TNStatus Tag   << addLog
2013-10-10_16:44:16 TNStatus Tag   << addLog
2013-10-10_17:44:27 TNStatus Tag   << addLog
2013-10-10_18:44:38 TNStatus Tag   << addLog
2013-10-10_19:44:48 TNStatus Tag   << addLog
2013-10-10_20:44:59 TNStatus Tag   << addLog
2013-10-10_21:29:20 TNStatus Tag
2013-10-10_21:32:33 TNStatus Tag
2013-10-10_22:00:00 TNStatus Nacht
2013-10-10_22:32:14 TNStatus Nacht   << addLog
2013-10-10_23:32:26 TNStatus Nacht   << addLog
2013-10-11_00:32:36 TNStatus Nacht   << addLog
2013-10-11_01:32:47 TNStatus Nacht   << addLog
2013-10-11_02:32:58 TNStatus Nacht   << addLog
2013-10-11_03:33:09 TNStatus Nacht   << addLog
2013-10-11_04:33:20 TNStatus Nacht   << addLog
2013-10-11_05:33:31 TNStatus Nacht   << addLog
2013-10-11_06:15:00 TNStatus Tag
2013-10-11_06:33:42 TNStatus Tag   << addLog
2013-10-11_07:33:53 TNStatus Tag   << addLog
2013-10-11_08:34:05 TNStatus Tag   << addLog
2013-10-11_09:34:15 TNStatus Tag   << addLog
2013-10-11_10:34:27 TNStatus Tag   << addLog
2013-10-11_11:34:37 TNStatus Tag   << addLog
2013-10-11_12:34:49 TNStatus Tag   << addLog
2013-10-11_13:34:59 TNStatus Tag   << addLog
2013-10-11_14:35:15 TNStatus Tag   << addLog
2013-10-11_15:35:20 TNStatus Tag   << addLog
2013-10-11_16:35:32 TNStatus Tag   << addLog
2013-10-11_17:35:43 TNStatus Tag   << addLog
2013-10-11_18:35:54 TNStatus Tag   << addLog
2013-10-11_19:36:05 TNStatus Tag   << addLog
2013-10-11_20:36:16 TNStatus Tag   << addLog
2013-10-11_21:36:27 TNStatus Tag   << addLog
2013-10-11_22:30:00 TNStatus Nacht
2013-10-11_22:36:38 TNStatus Nacht   << addLog
2013-10-11_23:36:49 TNStatus Nacht   << addLog
2013-10-12_00:37:00 TNStatus Nacht   << addLog
2013-10-12_01:37:11 TNStatus Nacht   << addLog
2013-10-12_02:37:24 TNStatus Nacht   << addLog
2013-10-12_03:37:34 TNStatus Nacht   << addLog
2013-10-12_04:37:44 TNStatus Nacht   << addLog
2013-10-12_05:37:56 TNStatus Nacht   << addLog
2013-10-12_06:38:06 TNStatus Nacht   << addLog
2013-10-12_07:30:00 TNStatus Tag
2013-10-12_07:38:19 TNStatus Tag   << addLog
2013-10-12_08:38:29 TNStatus Tag   << addLog
2013-10-12_09:27:16 TNStatus Nacht
2013-10-12_09:30:17 TNStatus Tag
2013-10-12_09:38:42 TNStatus Tag   << addLog
2013-10-12_10:38:50 TNStatus Tag   << addLog
2013-10-12_11:39:01 TNStatus Tag   << addLog
2013-10-12_12:39:11 TNStatus Tag   << addLog
2013-10-12_13:39:23 TNStatus Tag   << addLog
2013-10-12_14:39:35 TNStatus Tag   << addLog
2013-10-12_15:39:46 TNStatus Tag   << addLog
2013-10-12_16:39:56 TNStatus Tag   << addLog
2013-10-12_17:40:08 TNStatus Tag   << addLog
2013-10-12_18:40:17 TNStatus Tag   << addLog
2013-10-12_19:40:29 TNStatus Tag   << addLog
2013-10-12_20:40:43 TNStatus Tag   << addLog
2013-10-12_21:40:52 TNStatus Tag   << addLog
2013-10-12_22:30:00 TNStatus Nacht
2013-10-12_22:41:03 TNStatus Nacht   << addLog
2013-10-12_23:41:13 TNStatus Nacht   << addLog
2013-10-13_00:41:25 TNStatus Nacht   << addLog
2013-10-13_01:41:35 TNStatus Nacht   << addLog
2013-10-13_02:41:46 TNStatus Nacht   << addLog
2013-10-13_03:41:58 TNStatus Nacht   << addLog
2013-10-13_04:42:08 TNStatus Nacht   << addLog
2013-10-13_05:42:21 TNStatus Nacht   << addLog
2013-10-13_06:42:30 TNStatus Nacht   << addLog
2013-10-13_07:30:00 TNStatus Tag
2013-10-13_07:42:41 TNStatus Tag   << addLog
2013-10-13_08:42:52 TNStatus Tag   << addLog
2013-10-13_09:43:05 TNStatus Tag   << addLog
2013-10-13_10:43:15 TNStatus Tag   << addLog
2013-10-13_11:43:25 TNStatus Tag   << addLog
2013-10-13_12:17:48 TNStatus Tag
2013-10-13_13:17:31 TNStatus Tag   << addLog
2013-10-13_14:17:41 TNStatus Tag   << addLog
2013-10-13_15:17:53 TNStatus Tag   << addLog
2013-10-13_16:18:03 TNStatus Tag   << addLog
2013-10-13_17:18:15 TNStatus Tag   << addLog
2013-10-13_18:18:25 TNStatus Tag   << addLog
2013-10-13_19:18:36 TNStatus Tag   << addLog
2013-10-13_20:18:47 TNStatus Tag   << addLog
2013-10-13_21:18:58 TNStatus Tag   << addLog
2013-10-13_22:19:10 TNStatus Tag   << addLog
2013-10-13_22:30:00 TNStatus Nacht
2013-10-13_23:19:20 TNStatus Nacht   << addLog
2013-10-14_00:19:31 TNStatus Nacht   << addLog
2013-10-14_01:19:42 TNStatus Nacht   << addLog
2013-10-14_02:19:53 TNStatus Nacht   << addLog
2013-10-14_03:20:05 TNStatus Nacht   << addLog
2013-10-14_04:20:16 TNStatus Nacht   << addLog
2013-10-14_05:20:28 TNStatus Nacht   << addLog
2013-10-14_06:15:00 TNStatus Tag
2013-10-14_06:20:37 TNStatus Tag   << addLog
2013-10-14_07:20:48 TNStatus Tag   << addLog
2013-10-14_08:20:59 TNStatus Tag   << addLog
2013-10-14_09:21:10 TNStatus Tag   << addLog
2013-10-14_10:21:21 TNStatus Tag   << addLog
2013-10-14_11:21:32 TNStatus Tag   << addLog
2013-10-14_12:21:43 TNStatus Tag   << addLog
2013-10-14_13:21:54 TNStatus Tag   << addLog
2013-10-14_14:22:05 TNStatus Tag   << addLog
2013-10-14_15:22:17 TNStatus Tag   << addLog
2013-10-14_16:22:28 TNStatus Tag   << addLog
2013-10-14_17:22:39 TNStatus Tag   << addLog
2013-10-14_18:22:49 TNStatus Tag   << addLog
2013-10-14_19:23:00 TNStatus Tag   << addLog
2013-10-14_20:23:12 TNStatus Tag   << addLog
2013-10-14_21:23:22 TNStatus Tag   << addLog
2013-10-14_22:00:00 TNStatus Nacht
2013-10-14_22:23:34 TNStatus Nacht   << addLog
2013-10-14_23:23:45 TNStatus Nacht   << addLog
2013-10-15_00:23:55 TNStatus Nacht   << addLog
2013-10-15_01:24:06 TNStatus Nacht   << addLog
2013-10-15_02:24:17 TNStatus Nacht   << addLog
2013-10-15_03:24:28 TNStatus Nacht   << addLog
2013-10-15_04:24:40 TNStatus Nacht   << addLog
2013-10-15_05:24:50 TNStatus Nacht   << addLog
2013-10-15_06:15:00 TNStatus Tag
2013-10-15_06:25:01 TNStatus Tag   << addLog
2013-10-15_07:25:12 TNStatus Tag   << addLog
2013-10-15_08:25:23 TNStatus Tag   << addLog
2013-10-15_09:25:34 TNStatus Tag   << addLog
2013-10-15_10:25:45 TNStatus Tag   << addLog
2013-10-15_11:25:56 TNStatus Tag   << addLog
2013-10-15_12:26:07 TNStatus Tag   << addLog
2013-10-15_13:26:18 TNStatus Tag   << addLog
2013-10-15_14:26:30 TNStatus Tag   << addLog
2013-10-15_15:26:40 TNStatus Tag   << addLog
2013-10-15_16:26:51 TNStatus Tag   << addLog
2013-10-15_17:27:02 TNStatus Tag   << addLog
2013-10-15_18:27:13 TNStatus Tag   << addLog
2013-10-15_19:27:24 TNStatus Tag   << addLog
2013-10-15_20:27:35 TNStatus Tag   << addLog
2013-10-15_21:27:47 TNStatus Tag   << addLog
2013-10-15_22:00:00 TNStatus Nacht
2013-10-15_22:27:57 TNStatus Nacht   << addLog
2013-10-15_23:28:08 TNStatus Nacht   << addLog
2013-10-16_00:28:20 TNStatus Nacht   << addLog
2013-10-16_01:28:30 TNStatus Nacht   << addLog
2013-10-16_02:28:41 TNStatus Nacht   << addLog
2013-10-16_03:28:52 TNStatus Nacht   << addLog
2013-10-16_04:29:03 TNStatus Nacht   << addLog
2013-10-16_05:29:14 TNStatus Nacht   << addLog
2013-10-16_06:15:00 TNStatus Tag
2013-10-16_06:29:25 TNStatus Tag   << addLog
2013-10-16_07:29:37 TNStatus Tag   << addLog
2013-10-16_08:29:47 TNStatus Tag   << addLog
2013-10-16_09:29:59 TNStatus Tag   << addLog
2013-10-16_10:30:09 TNStatus Tag   << addLog
2013-10-16_11:30:21 TNStatus Tag   << addLog
2013-10-16_12:30:31 TNStatus Tag   << addLog
2013-10-16_13:30:41 TNStatus Tag   << addLog
2013-10-16_14:30:53 TNStatus Tag   << addLog
2013-10-16_15:31:04 TNStatus Tag   << addLog
2013-10-16_16:31:15 TNStatus Tag   << addLog
2013-10-16_17:31:26 TNStatus Tag   << addLog
2013-10-16_18:31:37 TNStatus Tag   << addLog
2013-10-16_19:31:48 TNStatus Tag   << addLog
2013-10-16_20:31:59 TNStatus Tag   << addLog
2013-10-16_21:32:10 TNStatus Tag   << addLog
2013-10-16_22:00:00 TNStatus Nacht
2013-10-16_22:32:23 TNStatus Nacht   << addLog
2013-10-16_23:32:32 TNStatus Nacht   << addLog
2013-10-17_00:32:43 TNStatus Nacht   << addLog
2013-10-17_01:32:54 TNStatus Nacht   << addLog
2013-10-17_02:33:05 TNStatus Nacht   << addLog
2013-10-17_03:33:16 TNStatus Nacht   << addLog
2013-10-17_04:33:27 TNStatus Nacht   << addLog
2013-10-17_05:33:38 TNStatus Nacht   << addLog
2013-10-17_06:15:00 TNStatus Tag
2013-10-17_06:33:49 TNStatus Tag   << addLog
2013-10-17_07:34:02 TNStatus Tag   << addLog
2013-10-17_08:13:59 TNStatus Tag
2013-10-17_08:15:25 TNStatus Tag
2013-10-17_09:15:07 TNStatus Tag   << addLog
2013-10-17_10:15:17 TNStatus Tag   << addLog
2013-10-17_11:15:28 TNStatus Tag   << addLog
2013-10-17_12:15:40 TNStatus Tag   << addLog
2013-10-17_13:15:51 TNStatus Tag   << addLog
2013-10-17_14:16:01 TNStatus Tag   << addLog
2013-10-17_15:16:13 TNStatus Tag   << addLog
2013-10-17_15:50:06 TNStatus Tag
2013-10-17_16:49:41 TNStatus Tag   << addLog
2013-10-17_17:49:52 TNStatus Tag   << addLog
2013-10-17_18:50:08 TNStatus Tag   << addLog
2013-10-17_19:50:14 TNStatus Tag   << addLog
2013-10-17_20:50:25 TNStatus Tag   << addLog
2013-10-17_21:50:39 TNStatus Tag   << addLog
2013-10-17_22:00:00 TNStatus Nacht
2013-10-17_22:50:47 TNStatus Nacht   << addLog
2013-10-17_23:50:58 TNStatus Nacht   << addLog
2013-10-18_00:51:09 TNStatus Nacht   << addLog
2013-10-18_01:51:20 TNStatus Nacht   << addLog
2013-10-18_02:51:32 TNStatus Nacht   << addLog
2013-10-18_03:51:42 TNStatus Nacht   << addLog
2013-10-18_04:51:54 TNStatus Nacht   << addLog
2013-10-18_05:52:04 TNStatus Nacht   << addLog
2013-10-18_06:15:00 TNStatus Tag
2013-10-18_06:52:16 TNStatus Tag   << addLog
2013-10-18_07:52:28 TNStatus Tag   << addLog
2013-10-18_08:24:41 TNStatus Tag
2013-10-18_09:24:22 TNStatus Tag   << addLog
2013-10-18_10:24:33 TNStatus Tag   << addLog
2013-10-18_11:24:44 TNStatus Tag   << addLog
2013-10-18_12:24:55 TNStatus Tag   << addLog
2013-10-18_12:47:32 TNStatus Tag
2013-10-18_13:47:14 TNStatus Tag   << addLog
2013-10-18_14:47:25 TNStatus Tag   << addLog
2013-10-18_15:47:36 TNStatus Tag   << addLog
2013-10-18_16:25:13 TNStatus Tag
2013-10-18_17:24:55 TNStatus Tag   << addLog
2013-10-18_18:25:06 TNStatus Tag   << addLog
2013-10-18_19:25:17 TNStatus Tag   << addLog
2013-10-18_20:25:28 TNStatus Tag   << addLog
2013-10-18_21:25:39 TNStatus Tag   << addLog
2013-10-18_22:25:50 TNStatus Tag   << addLog
2013-10-18_22:30:00 TNStatus Nacht
2013-10-18_23:26:01 TNStatus Nacht   << addLog
2013-10-19_00:26:12 TNStatus Nacht   << addLog
2013-10-19_01:26:23 TNStatus Nacht   << addLog
2013-10-19_02:26:34 TNStatus Nacht   << addLog
2013-10-19_03:26:45 TNStatus Nacht   << addLog
2013-10-19_04:26:56 TNStatus Nacht   << addLog
2013-10-19_05:27:07 TNStatus Nacht   << addLog
2013-10-19_06:27:18 TNStatus Nacht   << addLog
2013-10-19_07:27:29 TNStatus Nacht   << addLog
2013-10-19_07:30:00 TNStatus Tag
2013-10-19_08:27:40 TNStatus Tag   << addLog
2013-10-19_09:27:51 TNStatus Tag   << addLog
2013-10-19_10:28:02 TNStatus Tag   << addLog
2013-10-19_11:28:13 TNStatus Tag   << addLog
2013-10-19_12:28:24 TNStatus Tag   << addLog
2013-10-19_13:28:35 TNStatus Tag   << addLog
2013-10-19_14:28:46 TNStatus Tag   << addLog
2013-10-19_15:28:57 TNStatus Tag   << addLog
2013-10-19_16:29:09 TNStatus Tag   << addLog
2013-10-19_17:29:19 TNStatus Tag   << addLog
2013-10-19_18:29:30 TNStatus Tag   << addLog
2013-10-19_19:29:41 TNStatus Tag   << addLog
2013-10-19_20:29:52 TNStatus Tag   << addLog
2013-10-19_21:30:06 TNStatus Tag   << addLog
2013-10-19_22:30:00 TNStatus Nacht
2013-10-19_22:30:14 TNStatus Nacht   << addLog
2013-10-19_23:30:24 TNStatus Nacht   << addLog
2013-10-20_00:30:37 TNStatus Nacht   << addLog
2013-10-20_01:30:47 TNStatus Nacht   << addLog
2013-10-20_02:30:58 TNStatus Nacht   << addLog
2013-10-20_03:31:09 TNStatus Nacht   << addLog
2013-10-20_04:31:20 TNStatus Nacht   << addLog
2013-10-20_05:31:31 TNStatus Nacht   << addLog
2013-10-20_06:31:42 TNStatus Nacht   << addLog
2013-10-20_07:30:00 TNStatus Tag
2013-10-20_07:31:53 TNStatus Tag   << addLog
2013-10-20_08:32:04 TNStatus Tag   << addLog
2013-10-20_09:32:15 TNStatus Tag   << addLog
2013-10-20_10:32:26 TNStatus Tag   << addLog
2013-10-20_11:32:38 TNStatus Tag   << addLog
2013-10-20_12:32:48 TNStatus Tag   << addLog
2013-10-20_13:32:59 TNStatus Tag   << addLog
2013-10-20_14:33:10 TNStatus Tag   << addLog
2013-10-20_15:33:21 TNStatus Tag   << addLog
2013-10-20_16:33:33 TNStatus Tag   << addLog
2013-10-20_17:33:43 TNStatus Tag   << addLog
2013-10-20_18:33:54 TNStatus Tag   << addLog
2013-10-20_19:34:05 TNStatus Tag   << addLog
2013-10-20_20:34:16 TNStatus Tag   << addLog
2013-10-20_21:34:27 TNStatus Tag   << addLog
2013-10-20_22:30:00 TNStatus Nacht
2013-10-20_22:34:38 TNStatus Nacht   << addLog
2013-10-20_23:34:49 TNStatus Nacht   << addLog
2013-10-21_00:35:00 TNStatus Nacht   << addLog
2013-10-21_01:35:10 TNStatus Nacht   << addLog
2013-10-21_02:35:23 TNStatus Nacht   << addLog
2013-10-21_03:35:37 TNStatus Nacht   << addLog
2013-10-21_04:35:44 TNStatus Nacht   << addLog
2013-10-21_05:35:55 TNStatus Nacht   << addLog
2013-10-21_06:15:00 TNStatus Tag
2013-10-21_06:36:06 TNStatus Tag   << addLog
2013-10-21_07:36:17 TNStatus Tag   << addLog
2013-10-21_08:36:28 TNStatus Tag   << addLog
2013-10-21_09:36:39 TNStatus Tag   << addLog
2013-10-21_10:36:50 TNStatus Tag   << addLog
2013-10-21_11:37:02 TNStatus Tag   << addLog
2013-10-21_12:37:12 TNStatus Tag   << addLog
2013-10-21_13:37:23 TNStatus Tag   << addLog
2013-10-21_14:37:34 TNStatus Tag   << addLog
2013-10-21_15:37:45 TNStatus Tag   << addLog
2013-10-21_16:37:56 TNStatus Tag   << addLog
2013-10-21_17:38:07 TNStatus Tag   << addLog
2013-10-21_18:38:18 TNStatus Tag   << addLog
2013-10-21_19:38:29 TNStatus Tag   << addLog
2013-10-21_20:38:40 TNStatus Tag   << addLog
2013-10-21_21:38:51 TNStatus Tag   << addLog
2013-10-21_22:00:00 TNStatus Nacht
2013-10-21_22:39:02 TNStatus Nacht   << addLog
2013-10-21_23:39:12 TNStatus Nacht   << addLog
2013-10-22_00:39:23 TNStatus Nacht   << addLog
2013-10-22_01:39:34 TNStatus Nacht   << addLog
2013-10-22_02:39:46 TNStatus Nacht   << addLog
2013-10-22_03:39:57 TNStatus Nacht   << addLog
2013-10-22_04:40:07 TNStatus Nacht   << addLog
2013-10-22_05:40:19 TNStatus Nacht   << addLog
2013-10-22_06:15:00 TNStatus Tag
2013-10-22_06:40:30 TNStatus Tag   << addLog
2013-10-22_07:40:44 TNStatus Tag   << addLog
2013-10-22_08:40:52 TNStatus Tag   << addLog
2013-10-22_09:41:03 TNStatus Tag   << addLog
2013-10-22_10:41:14 TNStatus Tag   << addLog
2013-10-22_11:13:24 TNStatus Tag
2013-10-22_11:18:04 TNStatus Tag
2013-10-22_12:17:45 TNStatus Tag   << addLog
2013-10-22_13:17:56 TNStatus Tag   << addLog
2013-10-22_14:04:47 TNStatus Tag
2013-10-24_11:18:55 TNStatus Tag
2013-10-24_11:22:15 TNStatus Tag
2013-10-24_11:25:09 TNStatus Tag
2013-10-24_11:35:55 TNStatus Tag
2013-10-24_11:38:59 TNStatus Tag
2013-10-24_11:52:50 TNStatus Tag
2013-10-24_12:46:23 TNStatus Tag
2013-10-24_13:12:08 TNStatus Tag
2013-10-24_13:42:47 TNStatus Tag
2013-10-24_13:47:35 TNStatus Tag
2013-10-24_13:51:49 TNStatus Tag
2013-10-24_13:55:36 TNStatus Tag
2013-10-24_14:06:42 TNStatus Tag
2013-10-24_14:09:34 TNStatus Tag
2013-10-24_14:12:34 TNStatus Tag
2013-10-24_14:15:14 TNStatus Tag
2013-10-24_14:25:22 TNStatus Tag
