2014-02-01_01:24:00 UrlaubStatus desired-temp 8.5   << addLog
2014-02-01_02:24:11 UrlaubStatus desired-temp 8.5   << addLog
2014-02-01_03:24:22 UrlaubStatus desired-temp 8.5   << addLog
2014-02-01_04:24:33 UrlaubStatus desired-temp 8.5   << addLog
2014-02-01_05:24:44 UrlaubStatus desired-temp 8.5   << addLog
2014-02-01_06:24:55 UrlaubStatus desired-temp 8.5   << addLog
2014-02-01_07:25:06 UrlaubStatus desired-temp 8.5   << addLog
2014-02-01_08:25:17 UrlaubStatus desired-temp 8.5   << addLog
2014-02-01_09:25:28 UrlaubStatus desired-temp 8.5   << addLog
2014-02-01_10:25:39 UrlaubStatus desired-temp 8.5   << addLog
2014-02-01_11:25:50 UrlaubStatus desired-temp 8.5   << addLog
2014-02-01_12:26:01 UrlaubStatus desired-temp 8.5   << addLog
2014-02-01_13:26:12 UrlaubStatus desired-temp 8.5   << addLog
2014-02-01_14:26:23 UrlaubStatus desired-temp 8.5   << addLog
2014-02-01_15:26:34 UrlaubStatus desired-temp 8.5   << addLog
2014-02-01_16:26:45 UrlaubStatus desired-temp 8.5   << addLog
2014-02-01_17:26:56 UrlaubStatus desired-temp 8.5   << addLog
2014-02-01_18:27:07 UrlaubStatus desired-temp 8.5   << addLog
2014-02-01_19:27:18 UrlaubStatus desired-temp 8.5   << addLog
2014-02-01_20:27:29 UrlaubStatus desired-temp 8.5   << addLog
2014-02-01_21:27:40 UrlaubStatus desired-temp 8.5   << addLog
2014-02-01_22:27:51 UrlaubStatus desired-temp 8.5   << addLog
2014-02-01_23:28:02 UrlaubStatus desired-temp 8.5   << addLog
2014-02-02_00:28:13 UrlaubStatus desired-temp 8.5   << addLog
2014-02-02_01:28:24 UrlaubStatus desired-temp 8.5   << addLog
2014-02-02_02:28:35 UrlaubStatus desired-temp 8.5   << addLog
2014-02-02_03:28:46 UrlaubStatus desired-temp 8.5   << addLog
2014-02-02_04:28:57 UrlaubStatus desired-temp 8.5   << addLog
2014-02-02_05:29:08 UrlaubStatus desired-temp 8.5   << addLog
2014-02-02_06:29:19 UrlaubStatus desired-temp 8.5   << addLog
2014-02-02_07:29:30 UrlaubStatus desired-temp 8.5   << addLog
2014-02-02_08:29:41 UrlaubStatus desired-temp 8.5   << addLog
2014-02-02_09:29:52 UrlaubStatus desired-temp 8.5   << addLog
2014-02-02_10:30:03 UrlaubStatus desired-temp 8.5   << addLog
2014-02-02_11:30:14 UrlaubStatus desired-temp 8.5   << addLog
2014-02-02_12:30:25 UrlaubStatus desired-temp 8.5   << addLog
2014-02-02_13:30:36 UrlaubStatus desired-temp 8.5   << addLog
2014-02-02_14:30:47 UrlaubStatus desired-temp 8.5   << addLog
2014-02-02_15:30:58 UrlaubStatus desired-temp 8.5   << addLog
2014-02-02_16:31:09 UrlaubStatus desired-temp 8.5   << addLog
2014-02-02_17:31:20 UrlaubStatus desired-temp 8.5   << addLog
2014-02-02_18:31:31 UrlaubStatus desired-temp 8.5   << addLog
2014-02-02_19:31:42 UrlaubStatus desired-temp 8.5   << addLog
2014-02-02_20:31:53 UrlaubStatus desired-temp 8.5   << addLog
2014-02-02_20:57:29 UrlaubStatus imHaus
2014-02-02_21:32:04 UrlaubStatus imHaus   << addLog
2014-02-02_22:32:15 UrlaubStatus imHaus   << addLog
2014-02-02_23:32:26 UrlaubStatus imHaus   << addLog
2014-02-03_00:32:37 UrlaubStatus imHaus   << addLog
2014-02-03_01:32:48 UrlaubStatus imHaus   << addLog
2014-02-03_02:32:59 UrlaubStatus imHaus   << addLog
2014-02-03_03:33:10 UrlaubStatus imHaus   << addLog
2014-02-03_04:33:21 UrlaubStatus imHaus   << addLog
2014-02-03_05:33:32 UrlaubStatus imHaus   << addLog
2014-02-03_06:33:43 UrlaubStatus imHaus   << addLog
2014-02-03_07:33:54 UrlaubStatus imHaus   << addLog
2014-02-03_08:34:05 UrlaubStatus imHaus   << addLog
2014-02-03_09:34:16 UrlaubStatus imHaus   << addLog
2014-02-03_10:34:27 UrlaubStatus imHaus   << addLog
2014-02-03_11:34:38 UrlaubStatus imHaus   << addLog
2014-02-03_12:34:49 UrlaubStatus imHaus   << addLog
2014-02-03_13:35:00 UrlaubStatus imHaus   << addLog
2014-02-03_14:35:11 UrlaubStatus imHaus   << addLog
2014-02-03_15:12:18 UrlaubStatus imHaus   << addLog
2014-02-03_16:12:48 UrlaubStatus imHaus   << addLog
2014-02-03_17:12:59 UrlaubStatus imHaus   << addLog
2014-02-03_18:13:10 UrlaubStatus imHaus   << addLog
2014-02-03_19:40:25 UrlaubStatus imHaus   << addLog
2014-02-03_20:40:36 UrlaubStatus imHaus   << addLog
2014-02-03_21:40:47 UrlaubStatus imHaus   << addLog
2014-02-03_22:40:58 UrlaubStatus imHaus   << addLog
2014-02-03_23:41:09 UrlaubStatus imHaus   << addLog
2014-02-04_00:41:20 UrlaubStatus imHaus   << addLog
2014-02-04_01:41:31 UrlaubStatus imHaus   << addLog
2014-02-04_02:41:42 UrlaubStatus imHaus   << addLog
2014-02-04_03:41:53 UrlaubStatus imHaus   << addLog
2014-02-04_04:42:04 UrlaubStatus imHaus   << addLog
2014-02-04_05:42:15 UrlaubStatus imHaus   << addLog
2014-02-04_06:42:26 UrlaubStatus imHaus   << addLog
2014-02-04_07:42:37 UrlaubStatus imHaus   << addLog
2014-02-04_08:42:48 UrlaubStatus imHaus   << addLog
2014-02-04_09:42:59 UrlaubStatus imHaus   << addLog
2014-02-04_10:43:10 UrlaubStatus imHaus   << addLog
2014-02-04_11:43:21 UrlaubStatus imHaus   << addLog
2014-02-04_12:43:32 UrlaubStatus imHaus   << addLog
2014-02-04_13:43:43 UrlaubStatus imHaus   << addLog
2014-02-04_14:43:54 UrlaubStatus imHaus   << addLog
2014-02-04_15:44:05 UrlaubStatus imHaus   << addLog
2014-02-04_16:44:16 UrlaubStatus imHaus   << addLog
2014-02-04_17:44:27 UrlaubStatus imHaus   << addLog
2014-02-04_18:44:38 UrlaubStatus imHaus   << addLog
2014-02-04_19:44:49 UrlaubStatus imHaus   << addLog
2014-02-04_20:45:00 UrlaubStatus imHaus   << addLog
2014-02-04_21:45:11 UrlaubStatus imHaus   << addLog
2014-02-04_22:45:22 UrlaubStatus imHaus   << addLog
2014-02-04_23:45:33 UrlaubStatus imHaus   << addLog
2014-02-05_00:45:44 UrlaubStatus imHaus   << addLog
2014-02-05_01:45:55 UrlaubStatus imHaus   << addLog
2014-02-05_02:46:06 UrlaubStatus imHaus   << addLog
2014-02-05_03:46:17 UrlaubStatus imHaus   << addLog
2014-02-05_04:46:28 UrlaubStatus imHaus   << addLog
2014-02-05_05:46:39 UrlaubStatus imHaus   << addLog
2014-02-05_06:46:50 UrlaubStatus imHaus   << addLog
2014-02-05_07:47:01 UrlaubStatus imHaus   << addLog
2014-02-05_08:47:12 UrlaubStatus imHaus   << addLog
2014-02-05_09:47:23 UrlaubStatus imHaus   << addLog
2014-02-05_10:47:34 UrlaubStatus imHaus   << addLog
2014-02-05_11:47:45 UrlaubStatus imHaus   << addLog
2014-02-05_12:47:56 UrlaubStatus imHaus   << addLog
2014-02-05_13:48:07 UrlaubStatus imHaus   << addLog
2014-02-05_14:48:18 UrlaubStatus imHaus   << addLog
2014-02-05_15:48:29 UrlaubStatus imHaus   << addLog
2014-02-05_16:48:40 UrlaubStatus imHaus   << addLog
2014-02-05_17:48:51 UrlaubStatus imHaus   << addLog
2014-02-05_18:49:02 UrlaubStatus imHaus   << addLog
2014-02-05_19:49:13 UrlaubStatus imHaus   << addLog
2014-02-05_20:49:24 UrlaubStatus imHaus   << addLog
2014-02-05_21:49:35 UrlaubStatus imHaus   << addLog
2014-02-05_22:49:46 UrlaubStatus imHaus   << addLog
2014-02-05_23:49:57 UrlaubStatus imHaus   << addLog
2014-02-06_00:50:08 UrlaubStatus imHaus   << addLog
2014-02-06_01:50:19 UrlaubStatus imHaus   << addLog
2014-02-06_02:50:30 UrlaubStatus imHaus   << addLog
2014-02-06_03:50:41 UrlaubStatus imHaus   << addLog
2014-02-06_04:50:52 UrlaubStatus imHaus   << addLog
2014-02-06_05:51:03 UrlaubStatus imHaus   << addLog
2014-02-06_06:51:14 UrlaubStatus imHaus   << addLog
2014-02-06_07:51:25 UrlaubStatus imHaus   << addLog
2014-02-06_08:51:36 UrlaubStatus imHaus   << addLog
2014-02-06_09:51:47 UrlaubStatus imHaus   << addLog
2014-02-06_10:51:58 UrlaubStatus imHaus   << addLog
2014-02-06_11:52:09 UrlaubStatus imHaus   << addLog
2014-02-06_12:52:20 UrlaubStatus imHaus   << addLog
2014-02-06_13:52:31 UrlaubStatus imHaus   << addLog
2014-02-06_14:52:42 UrlaubStatus imHaus   << addLog
2014-02-06_15:52:53 UrlaubStatus imHaus   << addLog
2014-02-06_16:53:04 UrlaubStatus imHaus   << addLog
2014-02-06_17:53:15 UrlaubStatus imHaus   << addLog
2014-02-06_18:53:26 UrlaubStatus imHaus   << addLog
2014-02-06_19:53:37 UrlaubStatus imHaus   << addLog
2014-02-06_20:53:48 UrlaubStatus imHaus   << addLog
2014-02-06_21:53:59 UrlaubStatus imHaus   << addLog
2014-02-06_22:54:10 UrlaubStatus imHaus   << addLog
2014-02-06_23:54:21 UrlaubStatus imHaus   << addLog
2014-02-07_00:54:32 UrlaubStatus imHaus   << addLog
2014-02-07_01:54:43 UrlaubStatus imHaus   << addLog
2014-02-07_02:54:54 UrlaubStatus imHaus   << addLog
2014-02-07_03:55:05 UrlaubStatus imHaus   << addLog
2014-02-07_04:55:16 UrlaubStatus imHaus   << addLog
2014-02-07_05:55:27 UrlaubStatus imHaus   << addLog
2014-02-07_06:55:38 UrlaubStatus imHaus   << addLog
2014-02-07_07:55:49 UrlaubStatus imHaus   << addLog
2014-02-07_08:56:00 UrlaubStatus imHaus   << addLog
2014-02-07_09:56:11 UrlaubStatus imHaus   << addLog
2014-02-07_10:56:22 UrlaubStatus imHaus   << addLog
2014-02-07_11:56:33 UrlaubStatus imHaus   << addLog
2014-02-07_12:56:44 UrlaubStatus imHaus   << addLog
2014-02-07_13:56:55 UrlaubStatus imHaus   << addLog
2014-02-07_14:57:06 UrlaubStatus imHaus   << addLog
2014-02-07_15:57:17 UrlaubStatus imHaus   << addLog
2014-02-07_16:57:28 UrlaubStatus imHaus   << addLog
2014-02-07_17:57:39 UrlaubStatus imHaus   << addLog
2014-02-07_18:57:50 UrlaubStatus imHaus   << addLog
2014-02-07_19:58:01 UrlaubStatus imHaus   << addLog
2014-02-07_20:58:12 UrlaubStatus imHaus   << addLog
2014-02-07_21:58:23 UrlaubStatus imHaus   << addLog
2014-02-07_22:58:34 UrlaubStatus imHaus   << addLog
2014-02-07_23:58:45 UrlaubStatus imHaus   << addLog
2014-02-08_00:58:56 UrlaubStatus imHaus   << addLog
2014-02-08_01:59:07 UrlaubStatus imHaus   << addLog
2014-02-08_02:59:18 UrlaubStatus imHaus   << addLog
2014-02-08_03:59:29 UrlaubStatus imHaus   << addLog
2014-02-08_04:59:40 UrlaubStatus imHaus   << addLog
2014-02-08_05:59:51 UrlaubStatus imHaus   << addLog
2014-02-08_07:00:02 UrlaubStatus imHaus   << addLog
2014-02-08_08:00:13 UrlaubStatus imHaus   << addLog
2014-02-08_09:00:24 UrlaubStatus imHaus   << addLog
2014-02-08_10:00:35 UrlaubStatus imHaus   << addLog
2014-02-08_11:00:46 UrlaubStatus imHaus   << addLog
2014-02-08_12:00:57 UrlaubStatus imHaus   << addLog
2014-02-08_13:01:09 UrlaubStatus imHaus   << addLog
2014-02-08_14:01:19 UrlaubStatus imHaus   << addLog
2014-02-08_15:01:30 UrlaubStatus imHaus   << addLog
2014-02-08_16:01:41 UrlaubStatus imHaus   << addLog
2014-02-08_17:01:52 UrlaubStatus imHaus   << addLog
2014-02-08_18:02:03 UrlaubStatus imHaus   << addLog
2014-02-08_19:02:15 UrlaubStatus imHaus   << addLog
2014-02-08_20:02:25 UrlaubStatus imHaus   << addLog
2014-02-08_21:02:36 UrlaubStatus imHaus   << addLog
2014-02-08_22:02:47 UrlaubStatus imHaus   << addLog
2014-02-08_23:02:58 UrlaubStatus imHaus   << addLog
2014-02-09_00:03:09 UrlaubStatus imHaus   << addLog
2014-02-09_01:03:20 UrlaubStatus imHaus   << addLog
2014-02-09_02:03:31 UrlaubStatus imHaus   << addLog
2014-02-09_03:03:42 UrlaubStatus imHaus   << addLog
2014-02-09_04:03:53 UrlaubStatus imHaus   << addLog
2014-02-09_05:04:04 UrlaubStatus imHaus   << addLog
2014-02-09_06:04:15 UrlaubStatus imHaus   << addLog
2014-02-09_07:04:26 UrlaubStatus imHaus   << addLog
2014-02-09_08:04:37 UrlaubStatus imHaus   << addLog
2014-02-09_09:04:48 UrlaubStatus imHaus   << addLog
2014-02-09_10:04:59 UrlaubStatus imHaus   << addLog
2014-02-09_11:05:10 UrlaubStatus imHaus   << addLog
2014-02-09_12:05:21 UrlaubStatus imHaus   << addLog
2014-02-09_13:05:32 UrlaubStatus imHaus   << addLog
2014-02-09_14:05:43 UrlaubStatus imHaus   << addLog
2014-02-09_15:05:54 UrlaubStatus imHaus   << addLog
2014-02-09_16:56:45 UrlaubStatus imHaus   << addLog
2014-02-09_17:56:56 UrlaubStatus imHaus   << addLog
2014-02-09_18:57:07 UrlaubStatus imHaus   << addLog
2014-02-09_19:57:18 UrlaubStatus imHaus   << addLog
2014-02-09_20:57:29 UrlaubStatus imHaus   << addLog
2014-02-09_21:57:40 UrlaubStatus imHaus   << addLog
2014-02-09_22:57:51 UrlaubStatus imHaus   << addLog
2014-02-09_23:58:02 UrlaubStatus imHaus   << addLog
2014-02-10_00:58:13 UrlaubStatus imHaus   << addLog
2014-02-10_01:58:24 UrlaubStatus imHaus   << addLog
2014-02-10_02:58:35 UrlaubStatus imHaus   << addLog
2014-02-10_03:58:46 UrlaubStatus imHaus   << addLog
2014-02-10_04:58:57 UrlaubStatus imHaus   << addLog
2014-02-10_05:59:08 UrlaubStatus imHaus   << addLog
2014-02-10_06:59:19 UrlaubStatus imHaus   << addLog
2014-02-10_07:59:30 UrlaubStatus imHaus   << addLog
2014-02-10_08:59:41 UrlaubStatus imHaus   << addLog
2014-02-10_09:59:52 UrlaubStatus imHaus   << addLog
2014-02-10_12:44:20 UrlaubStatus imHaus   << addLog
2014-02-10_15:24:59 UrlaubStatus imHaus   << addLog
2014-02-10_16:25:10 UrlaubStatus imHaus   << addLog
2014-02-10_17:25:21 UrlaubStatus imHaus   << addLog
2014-02-10_18:25:32 UrlaubStatus imHaus   << addLog
2014-02-10_19:25:43 UrlaubStatus imHaus   << addLog
2014-02-10_20:25:54 UrlaubStatus imHaus   << addLog
2014-02-10_21:26:05 UrlaubStatus imHaus   << addLog
2014-02-10_22:26:16 UrlaubStatus imHaus   << addLog
2014-02-10_23:26:27 UrlaubStatus imHaus   << addLog
2014-02-11_00:26:38 UrlaubStatus imHaus   << addLog
2014-02-11_01:26:49 UrlaubStatus imHaus   << addLog
2014-02-11_02:27:00 UrlaubStatus imHaus   << addLog
2014-02-11_03:27:11 UrlaubStatus imHaus   << addLog
2014-02-11_04:27:22 UrlaubStatus imHaus   << addLog
2014-02-11_05:27:33 UrlaubStatus imHaus   << addLog
2014-02-11_06:27:44 UrlaubStatus imHaus   << addLog
2014-02-11_07:27:55 UrlaubStatus imHaus   << addLog
2014-02-11_08:28:06 UrlaubStatus imHaus   << addLog
2014-02-11_09:28:17 UrlaubStatus imHaus   << addLog
2014-02-11_10:28:28 UrlaubStatus imHaus   << addLog
2014-02-11_11:28:39 UrlaubStatus imHaus   << addLog
2014-02-11_12:28:50 UrlaubStatus imHaus   << addLog
2014-02-11_13:29:01 UrlaubStatus imHaus   << addLog
2014-02-11_14:29:12 UrlaubStatus imHaus   << addLog
2014-02-11_15:29:23 UrlaubStatus imHaus   << addLog
2014-02-11_16:29:34 UrlaubStatus imHaus   << addLog
2014-02-11_17:29:45 UrlaubStatus imHaus   << addLog
2014-02-11_18:29:56 UrlaubStatus imHaus   << addLog
2014-02-11_19:30:07 UrlaubStatus imHaus   << addLog
2014-02-11_20:30:18 UrlaubStatus imHaus   << addLog
2014-02-11_21:30:29 UrlaubStatus imHaus   << addLog
2014-02-11_22:30:40 UrlaubStatus imHaus   << addLog
2014-02-11_23:30:51 UrlaubStatus imHaus   << addLog
2014-02-12_00:31:02 UrlaubStatus imHaus   << addLog
2014-02-12_01:31:13 UrlaubStatus imHaus   << addLog
2014-02-12_02:31:24 UrlaubStatus imHaus   << addLog
2014-02-12_03:31:35 UrlaubStatus imHaus   << addLog
2014-02-12_04:31:46 UrlaubStatus imHaus   << addLog
2014-02-12_05:31:57 UrlaubStatus imHaus   << addLog
2014-02-12_06:32:08 UrlaubStatus imHaus   << addLog
2014-02-12_07:32:19 UrlaubStatus imHaus   << addLog
2014-02-12_08:32:30 UrlaubStatus imHaus   << addLog
2014-02-12_09:32:41 UrlaubStatus imHaus   << addLog
2014-02-12_10:32:52 UrlaubStatus imHaus   << addLog
2014-02-12_11:33:03 UrlaubStatus imHaus   << addLog
2014-02-12_12:33:14 UrlaubStatus imHaus   << addLog
2014-02-12_13:33:25 UrlaubStatus imHaus   << addLog
2014-02-12_14:33:36 UrlaubStatus imHaus   << addLog
2014-02-12_15:33:47 UrlaubStatus imHaus   << addLog
2014-02-12_16:33:58 UrlaubStatus imHaus   << addLog
2014-02-12_18:50:33 UrlaubStatus imHaus   << addLog
2014-02-12_20:48:02 UrlaubStatus imHaus   << addLog
2014-02-12_21:48:13 UrlaubStatus imHaus   << addLog
2014-02-12_22:48:24 UrlaubStatus imHaus   << addLog
2014-02-12_23:48:35 UrlaubStatus imHaus   << addLog
2014-02-13_00:48:46 UrlaubStatus imHaus   << addLog
2014-02-13_01:48:57 UrlaubStatus imHaus   << addLog
2014-02-13_02:49:08 UrlaubStatus imHaus   << addLog
2014-02-13_03:49:19 UrlaubStatus imHaus   << addLog
2014-02-13_04:49:30 UrlaubStatus imHaus   << addLog
2014-02-13_05:49:41 UrlaubStatus imHaus   << addLog
2014-02-13_06:49:52 UrlaubStatus imHaus   << addLog
2014-02-13_07:50:03 UrlaubStatus imHaus   << addLog
2014-02-13_08:50:14 UrlaubStatus imHaus   << addLog
2014-02-13_09:50:25 UrlaubStatus imHaus   << addLog
2014-02-13_10:50:36 UrlaubStatus imHaus   << addLog
2014-02-13_11:50:47 UrlaubStatus imHaus   << addLog
2014-02-13_12:50:58 UrlaubStatus imHaus   << addLog
2014-02-13_13:51:09 UrlaubStatus imHaus   << addLog
2014-02-13_14:51:20 UrlaubStatus imHaus   << addLog
2014-02-13_15:51:31 UrlaubStatus imHaus   << addLog
2014-02-13_16:51:42 UrlaubStatus imHaus   << addLog
2014-02-13_17:51:53 UrlaubStatus imHaus   << addLog
2014-02-13_18:52:04 UrlaubStatus imHaus   << addLog
2014-02-13_19:52:15 UrlaubStatus imHaus   << addLog
2014-02-13_20:52:26 UrlaubStatus imHaus   << addLog
2014-02-13_21:52:37 UrlaubStatus imHaus   << addLog
2014-02-13_22:52:48 UrlaubStatus imHaus   << addLog
2014-02-13_23:52:59 UrlaubStatus imHaus   << addLog
2014-02-14_00:53:10 UrlaubStatus imHaus   << addLog
2014-02-14_01:53:21 UrlaubStatus imHaus   << addLog
2014-02-14_02:53:32 UrlaubStatus imHaus   << addLog
2014-02-14_03:53:43 UrlaubStatus imHaus   << addLog
2014-02-14_04:53:54 UrlaubStatus imHaus   << addLog
2014-02-14_05:54:05 UrlaubStatus imHaus   << addLog
2014-02-14_06:54:16 UrlaubStatus imHaus   << addLog
2014-02-14_07:54:27 UrlaubStatus imHaus   << addLog
2014-02-14_08:54:38 UrlaubStatus imHaus   << addLog
2014-02-14_09:54:49 UrlaubStatus imHaus   << addLog
2014-02-14_10:55:00 UrlaubStatus imHaus   << addLog
2014-02-14_11:55:11 UrlaubStatus imHaus   << addLog
2014-02-14_12:55:22 UrlaubStatus imHaus   << addLog
2014-02-14_13:55:33 UrlaubStatus imHaus   << addLog
2014-02-14_14:55:44 UrlaubStatus imHaus   << addLog
2014-02-14_15:55:55 UrlaubStatus imHaus   << addLog
2014-02-14_16:56:06 UrlaubStatus imHaus   << addLog
2014-02-14_17:56:17 UrlaubStatus imHaus   << addLog
2014-02-14_18:56:28 UrlaubStatus imHaus   << addLog
2014-02-14_19:56:39 UrlaubStatus imHaus   << addLog
2014-02-14_20:56:50 UrlaubStatus imHaus   << addLog
2014-02-14_21:57:01 UrlaubStatus imHaus   << addLog
2014-02-14_22:57:12 UrlaubStatus imHaus   << addLog
2014-02-14_23:57:23 UrlaubStatus imHaus   << addLog
2014-02-15_00:57:34 UrlaubStatus imHaus   << addLog
2014-02-15_01:57:45 UrlaubStatus imHaus   << addLog
2014-02-15_02:57:56 UrlaubStatus imHaus   << addLog
2014-02-15_03:58:07 UrlaubStatus imHaus   << addLog
2014-02-15_04:58:18 UrlaubStatus imHaus   << addLog
2014-02-15_05:58:29 UrlaubStatus imHaus   << addLog
2014-02-15_06:58:40 UrlaubStatus imHaus   << addLog
2014-02-15_07:58:51 UrlaubStatus imHaus   << addLog
2014-02-15_08:59:02 UrlaubStatus imHaus   << addLog
2014-02-15_09:59:13 UrlaubStatus imHaus   << addLog
2014-02-15_10:59:24 UrlaubStatus imHaus   << addLog
2014-02-15_11:59:35 UrlaubStatus imHaus   << addLog
2014-02-15_12:59:46 UrlaubStatus imHaus   << addLog
2014-02-15_13:59:57 UrlaubStatus imHaus   << addLog
2014-02-15_14:04:16 UrlaubStatus Urlaub
2014-02-15_15:00:08 UrlaubStatus Urlaub   << addLog
2014-02-15_16:00:19 UrlaubStatus Urlaub   << addLog
2014-02-15_17:00:30 UrlaubStatus Urlaub   << addLog
2014-02-15_18:00:41 UrlaubStatus Urlaub   << addLog
2014-02-15_19:00:52 UrlaubStatus Urlaub   << addLog
2014-02-15_20:01:03 UrlaubStatus Urlaub   << addLog
2014-02-15_21:01:14 UrlaubStatus Urlaub   << addLog
2014-02-15_22:01:25 UrlaubStatus Urlaub   << addLog
2014-02-15_23:01:36 UrlaubStatus Urlaub   << addLog
2014-02-16_00:01:47 UrlaubStatus Urlaub   << addLog
2014-02-16_00:05:00 UrlaubStatus desired-temp 8.5
2014-02-16_01:01:58 UrlaubStatus desired-temp 8.5   << addLog
2014-02-16_02:02:09 UrlaubStatus desired-temp 8.5   << addLog
2014-02-16_03:02:20 UrlaubStatus desired-temp 8.5   << addLog
2014-02-16_04:02:31 UrlaubStatus desired-temp 8.5   << addLog
2014-02-16_05:02:42 UrlaubStatus desired-temp 8.5   << addLog
2014-02-16_06:02:53 UrlaubStatus desired-temp 8.5   << addLog
2014-02-16_07:03:04 UrlaubStatus desired-temp 8.5   << addLog
2014-02-16_08:03:15 UrlaubStatus desired-temp 8.5   << addLog
2014-02-16_09:03:26 UrlaubStatus desired-temp 8.5   << addLog
2014-02-16_10:03:37 UrlaubStatus desired-temp 8.5   << addLog
2014-02-16_11:03:48 UrlaubStatus desired-temp 8.5   << addLog
2014-02-16_12:03:59 UrlaubStatus desired-temp 8.5   << addLog
2014-02-16_13:04:10 UrlaubStatus desired-temp 8.5   << addLog
2014-02-16_14:04:21 UrlaubStatus desired-temp 8.5   << addLog
2014-02-16_15:04:32 UrlaubStatus desired-temp 8.5   << addLog
2014-02-16_16:04:43 UrlaubStatus desired-temp 8.5   << addLog
2014-02-16_17:04:54 UrlaubStatus desired-temp 8.5   << addLog
2014-02-16_18:05:05 UrlaubStatus desired-temp 8.5   << addLog
2014-02-16_19:05:16 UrlaubStatus desired-temp 8.5   << addLog
2014-02-16_20:05:27 UrlaubStatus desired-temp 8.5   << addLog
2014-02-16_21:05:38 UrlaubStatus desired-temp 8.5   << addLog
2014-02-16_22:05:49 UrlaubStatus desired-temp 8.5   << addLog
2014-02-16_23:06:00 UrlaubStatus desired-temp 8.5   << addLog
2014-02-17_00:06:11 UrlaubStatus desired-temp 8.5   << addLog
2014-02-17_01:06:22 UrlaubStatus desired-temp 8.5   << addLog
2014-02-17_02:06:33 UrlaubStatus desired-temp 8.5   << addLog
2014-02-17_03:06:44 UrlaubStatus desired-temp 8.5   << addLog
2014-02-17_04:06:55 UrlaubStatus desired-temp 8.5   << addLog
2014-02-17_05:07:06 UrlaubStatus desired-temp 8.5   << addLog
2014-02-17_06:07:17 UrlaubStatus desired-temp 8.5   << addLog
2014-02-17_07:07:28 UrlaubStatus desired-temp 8.5   << addLog
2014-02-17_08:07:39 UrlaubStatus desired-temp 8.5   << addLog
2014-02-17_09:07:50 UrlaubStatus desired-temp 8.5   << addLog
2014-02-17_10:08:01 UrlaubStatus desired-temp 8.5   << addLog
2014-02-17_11:08:12 UrlaubStatus desired-temp 8.5   << addLog
2014-02-17_12:08:23 UrlaubStatus desired-temp 8.5   << addLog
2014-02-17_13:08:34 UrlaubStatus desired-temp 8.5   << addLog
2014-02-17_14:08:45 UrlaubStatus desired-temp 8.5   << addLog
2014-02-17_15:08:56 UrlaubStatus desired-temp 8.5   << addLog
2014-02-17_16:09:07 UrlaubStatus desired-temp 8.5   << addLog
2014-02-17_17:09:18 UrlaubStatus desired-temp 8.5   << addLog
2014-02-17_18:09:29 UrlaubStatus desired-temp 8.5   << addLog
2014-02-17_19:09:40 UrlaubStatus desired-temp 8.5   << addLog
2014-02-17_20:09:52 UrlaubStatus desired-temp 8.5   << addLog
2014-02-17_21:10:02 UrlaubStatus desired-temp 8.5   << addLog
2014-02-17_22:10:13 UrlaubStatus desired-temp 8.5   << addLog
2014-02-17_23:10:24 UrlaubStatus desired-temp 8.5   << addLog
2014-02-18_00:10:35 UrlaubStatus desired-temp 8.5   << addLog
2014-02-18_01:10:46 UrlaubStatus desired-temp 8.5   << addLog
2014-02-18_02:10:57 UrlaubStatus desired-temp 8.5   << addLog
2014-02-18_03:11:08 UrlaubStatus desired-temp 8.5   << addLog
2014-02-18_04:11:19 UrlaubStatus desired-temp 8.5   << addLog
2014-02-18_05:11:30 UrlaubStatus desired-temp 8.5   << addLog
2014-02-18_06:11:41 UrlaubStatus desired-temp 8.5   << addLog
2014-02-18_07:11:52 UrlaubStatus desired-temp 8.5   << addLog
2014-02-18_08:12:03 UrlaubStatus desired-temp 8.5   << addLog
2014-02-18_09:12:14 UrlaubStatus desired-temp 8.5   << addLog
2014-02-18_10:12:25 UrlaubStatus desired-temp 8.5   << addLog
2014-02-18_11:12:36 UrlaubStatus desired-temp 8.5   << addLog
2014-02-18_12:12:47 UrlaubStatus desired-temp 8.5   << addLog
2014-02-18_13:12:58 UrlaubStatus desired-temp 8.5   << addLog
2014-02-18_14:13:09 UrlaubStatus desired-temp 8.5   << addLog
2014-02-18_15:13:20 UrlaubStatus desired-temp 8.5   << addLog
2014-02-18_16:13:31 UrlaubStatus desired-temp 8.5   << addLog
2014-02-18_16:21:30 UrlaubStatus Urlaub
2014-02-18_17:13:42 UrlaubStatus Urlaub   << addLog
2014-02-18_18:13:53 UrlaubStatus Urlaub   << addLog
2014-02-18_19:14:04 UrlaubStatus Urlaub   << addLog
2014-02-18_20:14:15 UrlaubStatus Urlaub   << addLog
2014-02-18_21:14:26 UrlaubStatus Urlaub   << addLog
2014-02-18_22:14:37 UrlaubStatus Urlaub   << addLog
2014-02-18_23:14:48 UrlaubStatus Urlaub   << addLog
2014-02-19_00:05:00 UrlaubStatus desired-temp 8.5
2014-02-19_00:14:59 UrlaubStatus desired-temp 8.5   << addLog
2014-02-19_01:15:10 UrlaubStatus desired-temp 8.5   << addLog
2014-02-19_02:15:21 UrlaubStatus desired-temp 8.5   << addLog
2014-02-19_03:15:32 UrlaubStatus desired-temp 8.5   << addLog
2014-02-19_04:15:43 UrlaubStatus desired-temp 8.5   << addLog
2014-02-19_05:15:54 UrlaubStatus desired-temp 8.5   << addLog
2014-02-19_06:16:05 UrlaubStatus desired-temp 8.5   << addLog
2014-02-19_07:16:16 UrlaubStatus desired-temp 8.5   << addLog
2014-02-19_08:16:27 UrlaubStatus desired-temp 8.5   << addLog
2014-02-19_09:16:38 UrlaubStatus desired-temp 8.5   << addLog
2014-02-19_10:16:49 UrlaubStatus desired-temp 8.5   << addLog
2014-02-19_11:17:00 UrlaubStatus desired-temp 8.5   << addLog
2014-02-19_12:17:11 UrlaubStatus desired-temp 8.5   << addLog
2014-02-19_13:17:22 UrlaubStatus desired-temp 8.5   << addLog
2014-02-19_14:17:33 UrlaubStatus desired-temp 8.5   << addLog
2014-02-19_15:17:44 UrlaubStatus desired-temp 8.5   << addLog
2014-02-19_16:17:55 UrlaubStatus desired-temp 8.5   << addLog
2014-02-19_17:18:06 UrlaubStatus desired-temp 8.5   << addLog
2014-02-19_18:18:17 UrlaubStatus desired-temp 8.5   << addLog
2014-02-19_19:18:28 UrlaubStatus desired-temp 8.5   << addLog
2014-02-19_20:18:39 UrlaubStatus desired-temp 8.5   << addLog
2014-02-19_21:18:50 UrlaubStatus desired-temp 8.5   << addLog
2014-02-19_22:19:01 UrlaubStatus desired-temp 8.5   << addLog
2014-02-19_23:19:12 UrlaubStatus desired-temp 8.5   << addLog
2014-02-20_00:19:23 UrlaubStatus desired-temp 8.5   << addLog
2014-02-20_01:19:34 UrlaubStatus desired-temp 8.5   << addLog
2014-02-20_02:19:45 UrlaubStatus desired-temp 8.5   << addLog
2014-02-20_03:19:56 UrlaubStatus desired-temp 8.5   << addLog
2014-02-20_04:20:07 UrlaubStatus desired-temp 8.5   << addLog
2014-02-20_05:20:18 UrlaubStatus desired-temp 8.5   << addLog
2014-02-20_06:20:29 UrlaubStatus desired-temp 8.5   << addLog
2014-02-20_07:20:40 UrlaubStatus desired-temp 8.5   << addLog
2014-02-20_08:20:51 UrlaubStatus desired-temp 8.5   << addLog
2014-02-20_09:21:02 UrlaubStatus desired-temp 8.5   << addLog
2014-02-20_10:21:13 UrlaubStatus desired-temp 8.5   << addLog
2014-02-20_11:21:24 UrlaubStatus desired-temp 8.5   << addLog
2014-02-20_12:21:35 UrlaubStatus desired-temp 8.5   << addLog
2014-02-20_13:21:46 UrlaubStatus desired-temp 8.5   << addLog
2014-02-20_14:21:57 UrlaubStatus desired-temp 8.5   << addLog
2014-02-20_15:22:08 UrlaubStatus desired-temp 8.5   << addLog
2014-02-20_16:22:19 UrlaubStatus desired-temp 8.5   << addLog
2014-02-20_17:22:30 UrlaubStatus desired-temp 8.5   << addLog
2014-02-20_18:22:41 UrlaubStatus desired-temp 8.5   << addLog
2014-02-20_19:22:52 UrlaubStatus desired-temp 8.5   << addLog
2014-02-20_20:23:03 UrlaubStatus desired-temp 8.5   << addLog
2014-02-20_21:23:14 UrlaubStatus desired-temp 8.5   << addLog
2014-02-20_22:23:25 UrlaubStatus desired-temp 8.5   << addLog
2014-02-20_23:23:36 UrlaubStatus desired-temp 8.5   << addLog
2014-02-21_00:23:47 UrlaubStatus desired-temp 8.5   << addLog
2014-02-21_01:23:58 UrlaubStatus desired-temp 8.5   << addLog
2014-02-21_02:24:09 UrlaubStatus desired-temp 8.5   << addLog
2014-02-21_03:24:20 UrlaubStatus desired-temp 8.5   << addLog
2014-02-21_04:24:31 UrlaubStatus desired-temp 8.5   << addLog
2014-02-21_05:24:42 UrlaubStatus desired-temp 8.5   << addLog
2014-02-21_06:24:53 UrlaubStatus desired-temp 8.5   << addLog
2014-02-21_07:25:04 UrlaubStatus desired-temp 8.5   << addLog
2014-02-21_08:25:15 UrlaubStatus desired-temp 8.5   << addLog
2014-02-21_09:25:26 UrlaubStatus desired-temp 8.5   << addLog
2014-02-21_10:25:37 UrlaubStatus desired-temp 8.5   << addLog
2014-02-21_11:25:48 UrlaubStatus desired-temp 8.5   << addLog
2014-02-21_12:25:59 UrlaubStatus desired-temp 8.5   << addLog
2014-02-21_13:26:10 UrlaubStatus desired-temp 8.5   << addLog
2014-02-21_14:26:21 UrlaubStatus desired-temp 8.5   << addLog
2014-02-21_15:26:32 UrlaubStatus desired-temp 8.5   << addLog
2014-02-21_16:26:43 UrlaubStatus desired-temp 8.5   << addLog
2014-02-21_17:26:54 UrlaubStatus desired-temp 8.5   << addLog
2014-02-21_18:27:05 UrlaubStatus desired-temp 8.5   << addLog
2014-02-21_19:27:16 UrlaubStatus desired-temp 8.5   << addLog
2014-02-21_20:27:27 UrlaubStatus desired-temp 8.5   << addLog
2014-02-21_21:27:38 UrlaubStatus desired-temp 8.5   << addLog
2014-02-21_22:27:49 UrlaubStatus desired-temp 8.5   << addLog
2014-02-21_23:28:00 UrlaubStatus desired-temp 8.5   << addLog
2014-02-22_00:28:11 UrlaubStatus desired-temp 8.5   << addLog
2014-02-22_01:28:22 UrlaubStatus desired-temp 8.5   << addLog
2014-02-22_02:28:33 UrlaubStatus desired-temp 8.5   << addLog
2014-02-22_03:28:44 UrlaubStatus desired-temp 8.5   << addLog
2014-02-22_04:28:55 UrlaubStatus desired-temp 8.5   << addLog
2014-02-22_05:29:06 UrlaubStatus desired-temp 8.5   << addLog
2014-02-22_06:29:17 UrlaubStatus desired-temp 8.5   << addLog
2014-02-22_07:29:28 UrlaubStatus desired-temp 8.5   << addLog
2014-02-22_08:29:39 UrlaubStatus desired-temp 8.5   << addLog
2014-02-22_09:29:50 UrlaubStatus desired-temp 8.5   << addLog
2014-02-22_10:30:01 UrlaubStatus desired-temp 8.5   << addLog
2014-02-22_11:30:12 UrlaubStatus desired-temp 8.5   << addLog
2014-02-22_12:30:23 UrlaubStatus desired-temp 8.5   << addLog
2014-02-22_13:21:31 UrlaubStatus imHaus
2014-02-22_13:30:34 UrlaubStatus imHaus   << addLog
2014-02-22_14:30:45 UrlaubStatus imHaus   << addLog
2014-02-22_15:30:56 UrlaubStatus imHaus   << addLog
2014-02-22_16:31:07 UrlaubStatus imHaus   << addLog
2014-02-22_17:31:18 UrlaubStatus imHaus   << addLog
2014-02-22_18:31:29 UrlaubStatus imHaus   << addLog
2014-02-22_19:31:40 UrlaubStatus imHaus   << addLog
2014-02-22_20:31:52 UrlaubStatus imHaus   << addLog
2014-02-22_21:32:02 UrlaubStatus imHaus   << addLog
2014-02-22_22:32:13 UrlaubStatus imHaus   << addLog
2014-02-22_23:32:24 UrlaubStatus imHaus   << addLog
2014-02-23_00:32:35 UrlaubStatus imHaus   << addLog
2014-02-23_01:32:46 UrlaubStatus imHaus   << addLog
2014-02-23_02:32:57 UrlaubStatus imHaus   << addLog
2014-02-23_03:33:08 UrlaubStatus imHaus   << addLog
2014-02-23_04:33:19 UrlaubStatus imHaus   << addLog
2014-02-23_05:33:30 UrlaubStatus imHaus   << addLog
2014-02-23_06:33:41 UrlaubStatus imHaus   << addLog
2014-02-23_07:33:52 UrlaubStatus imHaus   << addLog
2014-02-23_08:34:03 UrlaubStatus imHaus   << addLog
2014-02-23_09:34:14 UrlaubStatus imHaus   << addLog
2014-02-23_10:34:25 UrlaubStatus imHaus   << addLog
2014-02-23_11:34:36 UrlaubStatus imHaus   << addLog
2014-02-23_12:34:47 UrlaubStatus imHaus   << addLog
2014-02-23_13:34:58 UrlaubStatus imHaus   << addLog
2014-02-23_14:35:09 UrlaubStatus imHaus   << addLog
2014-02-23_15:35:20 UrlaubStatus imHaus   << addLog
2014-02-23_16:35:31 UrlaubStatus imHaus   << addLog
2014-02-23_17:35:42 UrlaubStatus imHaus   << addLog
2014-02-23_18:35:53 UrlaubStatus imHaus   << addLog
2014-02-23_19:36:04 UrlaubStatus imHaus   << addLog
2014-02-23_20:36:15 UrlaubStatus imHaus   << addLog
2014-02-23_21:36:26 UrlaubStatus imHaus   << addLog
2014-02-23_22:36:37 UrlaubStatus imHaus   << addLog
2014-02-23_23:36:48 UrlaubStatus imHaus   << addLog
2014-02-24_00:36:59 UrlaubStatus imHaus   << addLog
2014-02-24_01:37:10 UrlaubStatus imHaus   << addLog
2014-02-24_02:37:21 UrlaubStatus imHaus   << addLog
2014-02-24_03:37:32 UrlaubStatus imHaus   << addLog
2014-02-24_04:37:43 UrlaubStatus imHaus   << addLog
2014-02-24_05:37:54 UrlaubStatus imHaus   << addLog
2014-02-24_06:38:05 UrlaubStatus imHaus   << addLog
2014-02-24_07:38:16 UrlaubStatus imHaus   << addLog
2014-02-24_08:38:27 UrlaubStatus imHaus   << addLog
2014-02-24_09:38:38 UrlaubStatus imHaus   << addLog
2014-02-24_10:38:49 UrlaubStatus imHaus   << addLog
2014-02-24_11:39:00 UrlaubStatus imHaus   << addLog
2014-02-24_12:39:11 UrlaubStatus imHaus   << addLog
2014-02-24_13:39:22 UrlaubStatus imHaus   << addLog
2014-02-24_14:52:16 UrlaubStatus imHaus   << addLog
2014-02-24_15:52:27 UrlaubStatus imHaus   << addLog
2014-02-24_16:52:38 UrlaubStatus imHaus   << addLog
2014-02-24_17:52:49 UrlaubStatus imHaus   << addLog
2014-02-24_18:53:00 UrlaubStatus imHaus   << addLog
2014-02-24_19:53:11 UrlaubStatus imHaus   << addLog
2014-02-24_20:53:22 UrlaubStatus imHaus   << addLog
2014-02-24_21:53:33 UrlaubStatus imHaus   << addLog
2014-02-24_22:53:44 UrlaubStatus imHaus   << addLog
2014-02-24_23:53:55 UrlaubStatus imHaus   << addLog
2014-02-25_00:54:07 UrlaubStatus imHaus   << addLog
2014-02-25_01:54:17 UrlaubStatus imHaus   << addLog
2014-02-25_02:54:28 UrlaubStatus imHaus   << addLog
2014-02-25_03:54:39 UrlaubStatus imHaus   << addLog
2014-02-25_04:54:50 UrlaubStatus imHaus   << addLog
2014-02-25_05:55:01 UrlaubStatus imHaus   << addLog
2014-02-25_06:55:12 UrlaubStatus imHaus   << addLog
2014-02-25_07:55:23 UrlaubStatus imHaus   << addLog
2014-02-25_08:55:34 UrlaubStatus imHaus   << addLog
2014-02-25_09:55:45 UrlaubStatus imHaus   << addLog
2014-02-25_10:55:56 UrlaubStatus imHaus   << addLog
2014-02-25_11:56:07 UrlaubStatus imHaus   << addLog
2014-02-25_12:56:18 UrlaubStatus imHaus   << addLog
2014-02-25_13:56:29 UrlaubStatus imHaus   << addLog
2014-02-25_14:56:40 UrlaubStatus imHaus   << addLog
2014-02-25_15:56:51 UrlaubStatus imHaus   << addLog
2014-02-25_16:57:02 UrlaubStatus imHaus   << addLog
2014-02-25_17:57:13 UrlaubStatus imHaus   << addLog
2014-02-25_18:57:24 UrlaubStatus imHaus   << addLog
2014-02-25_19:57:35 UrlaubStatus imHaus   << addLog
2014-02-25_20:57:46 UrlaubStatus imHaus   << addLog
2014-02-25_21:57:57 UrlaubStatus imHaus   << addLog
2014-02-25_22:58:08 UrlaubStatus imHaus   << addLog
2014-02-25_23:58:19 UrlaubStatus imHaus   << addLog
2014-02-26_00:58:30 UrlaubStatus imHaus   << addLog
2014-02-26_01:58:41 UrlaubStatus imHaus   << addLog
2014-02-26_02:58:52 UrlaubStatus imHaus   << addLog
2014-02-26_03:59:03 UrlaubStatus imHaus   << addLog
2014-02-26_04:59:14 UrlaubStatus imHaus   << addLog
2014-02-26_05:59:25 UrlaubStatus imHaus   << addLog
2014-02-26_06:59:36 UrlaubStatus imHaus   << addLog
2014-02-26_07:59:47 UrlaubStatus imHaus   << addLog
2014-02-26_08:59:58 UrlaubStatus imHaus   << addLog
2014-02-26_10:00:09 UrlaubStatus imHaus   << addLog
2014-02-26_11:00:20 UrlaubStatus imHaus   << addLog
2014-02-26_12:00:31 UrlaubStatus imHaus   << addLog
2014-02-26_13:00:42 UrlaubStatus imHaus   << addLog
2014-02-26_14:00:53 UrlaubStatus imHaus   << addLog
2014-02-26_15:01:04 UrlaubStatus imHaus   << addLog
2014-02-26_16:01:15 UrlaubStatus imHaus   << addLog
2014-02-26_17:01:26 UrlaubStatus imHaus   << addLog
2014-02-26_18:01:37 UrlaubStatus imHaus   << addLog
2014-02-26_19:01:48 UrlaubStatus imHaus   << addLog
2014-02-26_20:01:59 UrlaubStatus imHaus   << addLog
2014-02-26_21:02:10 UrlaubStatus imHaus   << addLog
2014-02-26_22:02:21 UrlaubStatus imHaus   << addLog
2014-02-26_23:02:32 UrlaubStatus imHaus   << addLog
2014-02-27_00:02:43 UrlaubStatus imHaus   << addLog
2014-02-27_01:02:54 UrlaubStatus imHaus   << addLog
2014-02-27_02:03:05 UrlaubStatus imHaus   << addLog
2014-02-27_03:03:16 UrlaubStatus imHaus   << addLog
2014-02-27_04:03:27 UrlaubStatus imHaus   << addLog
2014-02-27_05:03:38 UrlaubStatus imHaus   << addLog
2014-02-27_06:03:49 UrlaubStatus imHaus   << addLog
2014-02-27_07:04:00 UrlaubStatus imHaus   << addLog
2014-02-27_08:04:11 UrlaubStatus imHaus   << addLog
2014-02-27_09:04:22 UrlaubStatus imHaus   << addLog
2014-02-27_10:04:33 UrlaubStatus imHaus   << addLog
2014-02-27_11:04:44 UrlaubStatus imHaus   << addLog
2014-02-27_12:04:55 UrlaubStatus imHaus   << addLog
2014-02-27_13:05:06 UrlaubStatus imHaus   << addLog
2014-02-27_14:05:17 UrlaubStatus imHaus   << addLog
2014-02-27_15:05:28 UrlaubStatus imHaus   << addLog
2014-02-27_16:05:39 UrlaubStatus imHaus   << addLog
2014-02-27_17:05:50 UrlaubStatus imHaus   << addLog
2014-02-27_18:06:01 UrlaubStatus imHaus   << addLog
2014-02-27_19:06:12 UrlaubStatus imHaus   << addLog
2014-02-27_20:06:23 UrlaubStatus imHaus   << addLog
2014-02-27_21:06:34 UrlaubStatus imHaus   << addLog
2014-02-27_22:06:45 UrlaubStatus imHaus   << addLog
2014-02-27_23:06:56 UrlaubStatus imHaus   << addLog
2014-02-28_00:07:07 UrlaubStatus imHaus   << addLog
2014-02-28_01:07:18 UrlaubStatus imHaus   << addLog
2014-02-28_02:07:29 UrlaubStatus imHaus   << addLog
2014-02-28_03:07:40 UrlaubStatus imHaus   << addLog
2014-02-28_04:07:51 UrlaubStatus imHaus   << addLog
2014-02-28_05:08:02 UrlaubStatus imHaus   << addLog
2014-02-28_06:08:13 UrlaubStatus imHaus   << addLog
2014-02-28_07:08:24 UrlaubStatus imHaus   << addLog
2014-02-28_08:08:35 UrlaubStatus imHaus   << addLog
2014-02-28_09:08:46 UrlaubStatus imHaus   << addLog
2014-02-28_10:08:57 UrlaubStatus imHaus   << addLog
2014-02-28_11:09:08 UrlaubStatus imHaus   << addLog
2014-02-28_12:09:19 UrlaubStatus imHaus   << addLog
2014-02-28_13:09:30 UrlaubStatus imHaus   << addLog
2014-02-28_14:09:41 UrlaubStatus imHaus   << addLog
2014-02-28_15:09:52 UrlaubStatus imHaus   << addLog
2014-02-28_16:10:03 UrlaubStatus imHaus   << addLog
2014-02-28_17:10:14 UrlaubStatus imHaus   << addLog
2014-02-28_18:10:25 UrlaubStatus imHaus   << addLog
2014-02-28_19:10:36 UrlaubStatus imHaus   << addLog
2014-02-28_20:10:47 UrlaubStatus imHaus   << addLog
2014-02-28_21:10:58 UrlaubStatus imHaus   << addLog
2014-02-28_22:11:09 UrlaubStatus imHaus   << addLog
2014-02-28_23:11:20 UrlaubStatus imHaus   << addLog
