2013-09-29_17:59:38 ZiP AUS
2013-09-29_17:59:39 ZiP AUS
2013-09-29_17:59:59 ZiP EIN
2013-09-29_18:00:40 ZiP AUS
2013-09-29_18:00:42 ZiP AUS
2013-09-29_18:01:33 ZiP EIN
2013-09-29_18:01:38 ZiP AUS
2013-09-29_18:01:39 ZiP AUS
2013-09-29_18:02:40 ZiP AUS
2013-09-29_18:02:42 ZiP AUS
2013-09-29_18:03:38 ZiP AUS
2013-09-29_18:03:39 ZiP AUS
2013-09-29_18:04:40 ZiP AUS
2013-09-29_18:04:42 ZiP AUS
2013-09-29_18:05:14 ZiP EIN
2013-09-29_18:05:38 ZiP AUS
2013-09-29_18:05:40 ZiP AUS
2013-09-29_18:06:40 ZiP EIN
2013-09-29_18:06:42 ZiP AUS
2013-09-29_18:06:44 ZiP AUS
2013-09-29_18:06:59 ZiP EIN
2013-09-29_18:07:38 ZiP AUS
2013-09-29_18:07:40 ZiP AUS
2013-09-29_18:08:40 ZiP EIN
2013-09-29_18:08:42 ZiP AUS
2013-09-29_18:09:38 ZiP EIN
2013-09-29_18:09:40 ZiP AUS
2013-09-29_18:10:40 ZiP EIN
2013-09-29_18:10:42 ZiP AUS
2013-09-29_18:11:38 ZiP AUS
2013-09-29_18:11:40 ZiP AUS
2013-09-29_18:12:40 ZiP AUS
2013-09-29_18:12:42 ZiP AUS
2013-09-29_18:13:38 ZiP AUS
2013-09-29_18:13:40 ZiP AUS
2013-09-29_18:14:40 ZiP AUS
2013-09-29_18:14:42 ZiP AUS
2013-09-29_18:16:42 ZiP AUS
2013-09-29_18:16:44 ZiP AUS
2013-09-29_18:17:44 ZiP AUS
2013-09-29_18:17:46 ZiP AUS
2013-09-29_18:18:42 ZiP AUS
2013-09-29_18:18:44 ZiP AUS
2013-09-29_18:19:44 ZiP AUS
2013-09-29_18:19:46 ZiP AUS
2013-09-29_18:20:42 ZiP AUS
2013-09-29_18:20:44 ZiP AUS
2013-09-29_18:21:44 ZiP AUS
2013-09-29_18:21:46 ZiP AUS
2013-09-29_18:22:42 ZiP AUS
2013-09-29_18:22:44 ZiP AUS
2013-09-29_18:23:44 ZiP AUS
2013-09-29_18:23:47 ZiP AUS
2013-09-29_18:24:42 ZiP AUS
2013-09-29_18:24:44 ZiP AUS
2013-09-29_18:25:44 ZiP AUS
2013-09-29_18:25:46 ZiP AUS
2013-09-29_18:26:42 ZiP AUS
2013-09-29_18:26:44 ZiP AUS
2013-09-29_18:27:44 ZiP AUS
2013-09-29_18:27:46 ZiP AUS
2013-09-29_18:28:42 ZiP AUS
2013-09-29_18:28:44 ZiP AUS
2013-09-29_18:29:44 ZiP AUS
2013-09-29_18:29:46 ZiP AUS
2013-09-29_18:30:42 ZiP AUS
2013-09-29_18:30:44 ZiP AUS
2013-09-29_18:31:44 ZiP AUS
2013-09-29_18:31:46 ZiP AUS
2013-09-29_18:32:42 ZiP AUS
2013-09-29_18:32:44 ZiP AUS
2013-09-29_18:33:44 ZiP AUS
2013-09-29_18:33:46 ZiP AUS
2013-09-29_18:34:42 ZiP AUS
2013-09-29_18:34:44 ZiP AUS
2013-09-29_18:35:44 ZiP AUS
2013-09-29_18:35:46 ZiP AUS
2013-09-29_18:36:42 ZiP AUS
2013-09-29_18:36:44 ZiP AUS
2013-09-29_18:37:44 ZiP AUS
2013-09-29_18:37:46 ZiP AUS
2013-09-29_18:38:42 ZiP AUS
2013-09-29_18:38:44 ZiP AUS
2013-09-29_18:39:44 ZiP AUS
2013-09-29_18:39:46 ZiP AUS
2013-09-29_18:40:42 ZiP AUS
2013-09-29_18:40:44 ZiP AUS
2013-09-29_18:41:44 ZiP AUS
2013-09-29_18:41:47 ZiP AUS
2013-09-29_18:42:42 ZiP AUS
2013-09-29_18:42:44 ZiP AUS
2013-09-29_18:43:44 ZiP AUS
2013-09-29_18:43:46 ZiP AUS
2013-09-29_18:44:42 ZiP AUS
2013-09-29_18:44:44 ZiP AUS
2013-09-29_18:45:44 ZiP AUS
2013-09-29_18:45:46 ZiP AUS
2013-09-29_18:46:42 ZiP AUS
2013-09-29_18:46:44 ZiP AUS
2013-09-29_18:47:44 ZiP AUS
2013-09-29_18:47:46 ZiP AUS
2013-09-29_18:48:42 ZiP AUS
2013-09-29_18:48:44 ZiP AUS
2013-09-29_18:49:44 ZiP AUS
2013-09-29_18:49:46 ZiP AUS
2013-09-29_18:50:42 ZiP AUS
2013-09-29_18:50:44 ZiP AUS
2013-09-29_18:51:44 ZiP AUS
2013-09-29_18:51:46 ZiP AUS
2013-09-29_18:52:42 ZiP AUS
2013-09-29_18:52:45 ZiP AUS
2013-09-29_18:53:44 ZiP AUS
2013-09-29_18:53:45 ZiP AUS
2013-09-29_18:54:42 ZiP AUS
2013-09-29_18:54:44 ZiP AUS
2013-09-29_18:55:44 ZiP EIN
2013-09-29_18:55:46 ZiP AUS
2013-09-29_18:56:42 ZiP EIN
2013-09-29_18:56:45 ZiP AUS
2013-09-29_18:57:44 ZiP EIN
2013-09-29_18:57:46 ZiP AUS
2013-09-29_18:58:42 ZiP EIN
2013-09-29_18:58:44 ZiP AUS
2013-09-29_18:59:44 ZiP EIN
2013-09-29_18:59:46 ZiP AUS
2013-09-29_19:00:42 ZiP EIN
2013-09-29_19:00:44 ZiP AUS
2013-09-29_19:01:44 ZiP EIN
2013-09-29_19:01:46 ZiP AUS
2013-09-29_19:02:42 ZiP EIN
2013-09-29_19:02:44 ZiP AUS
2013-09-29_19:03:44 ZiP EIN
2013-09-29_19:03:46 ZiP AUS
2013-09-29_19:04:42 ZiP EIN
2013-09-29_19:04:44 ZiP AUS
2013-09-29_19:05:44 ZiP EIN
2013-09-29_19:05:46 ZiP AUS
2013-09-29_19:06:42 ZiP EIN
2013-09-29_19:06:44 ZiP AUS
2013-09-29_19:07:44 ZiP EIN
2013-09-29_19:07:46 ZiP AUS
2013-09-29_19:08:42 ZiP EIN
2013-09-29_19:08:44 ZiP AUS
2013-09-29_19:09:44 ZiP EIN
2013-09-29_19:09:47 ZiP AUS
2013-09-29_19:10:42 ZiP EIN
2013-09-29_19:10:44 ZiP AUS
2013-09-29_19:11:44 ZiP EIN
2013-09-29_19:11:46 ZiP AUS
2013-09-29_19:12:42 ZiP EIN
2013-09-29_19:12:44 ZiP AUS
2013-09-29_19:13:44 ZiP AUS
2013-09-29_19:13:46 ZiP AUS
2013-09-29_19:14:42 ZiP AUS
2013-09-29_19:14:44 ZiP AUS
2013-09-29_19:15:44 ZiP AUS
2013-09-29_19:15:46 ZiP AUS
2013-09-29_19:16:42 ZiP AUS
2013-09-29_19:16:45 ZiP AUS
2013-09-29_19:17:44 ZiP AUS
2013-09-29_19:17:46 ZiP AUS
2013-09-29_19:18:42 ZiP AUS
2013-09-29_19:18:44 ZiP AUS
2013-09-29_19:19:44 ZiP AUS
2013-09-29_19:19:46 ZiP AUS
2013-09-29_19:20:42 ZiP AUS
2013-09-29_19:20:44 ZiP AUS
2013-09-29_19:21:44 ZiP AUS
2013-09-29_19:21:46 ZiP AUS
2013-09-29_19:22:42 ZiP AUS
2013-09-29_19:22:44 ZiP AUS
2013-09-29_19:23:44 ZiP AUS
2013-09-29_19:23:46 ZiP AUS
2013-09-29_19:24:42 ZiP AUS
2013-09-29_19:24:44 ZiP AUS
2013-09-29_19:25:44 ZiP AUS
2013-09-29_19:25:46 ZiP AUS
2013-09-29_19:26:42 ZiP AUS
2013-09-29_19:26:45 ZiP AUS
2013-09-29_19:27:44 ZiP AUS
2013-09-29_19:27:46 ZiP AUS
2013-09-29_19:28:42 ZiP AUS
2013-09-29_19:28:44 ZiP AUS
2013-09-29_19:29:44 ZiP AUS
2013-09-29_19:29:46 ZiP AUS
2013-09-29_19:30:42 ZiP AUS
2013-09-29_19:30:44 ZiP AUS
2013-09-29_19:31:44 ZiP EIN
2013-09-29_19:31:46 ZiP AUS
2013-09-29_19:32:42 ZiP EIN
2013-09-29_19:32:44 ZiP AUS
2013-09-29_19:33:44 ZiP EIN
2013-09-29_19:33:46 ZiP AUS
2013-09-29_19:34:42 ZiP AUS
2013-09-29_19:34:44 ZiP AUS
2013-09-29_19:35:44 ZiP AUS
2013-09-29_19:35:46 ZiP AUS
2013-09-29_19:36:42 ZiP AUS
2013-09-29_19:36:44 ZiP AUS
2013-09-29_19:37:44 ZiP AUS
2013-09-29_19:37:47 ZiP AUS
2013-09-29_19:38:42 ZiP AUS
2013-09-29_19:38:44 ZiP AUS
2013-09-29_19:39:44 ZiP AUS
2013-09-29_19:39:46 ZiP AUS
2013-09-29_19:40:42 ZiP EIN
2013-09-29_19:40:44 ZiP AUS
2013-09-29_19:41:44 ZiP EIN
2013-09-29_19:41:46 ZiP AUS
2013-09-29_19:42:42 ZiP EIN
2013-09-29_19:42:44 ZiP AUS
2013-09-29_19:43:44 ZiP AUS
2013-09-29_19:43:46 ZiP AUS
2013-09-29_19:44:42 ZiP AUS
2013-09-29_19:44:44 ZiP AUS
2013-09-29_19:45:44 ZiP AUS
2013-09-29_19:45:46 ZiP AUS
2013-09-29_19:46:42 ZiP AUS
2013-09-29_19:46:44 ZiP AUS
2013-09-29_19:47:44 ZiP AUS
2013-09-29_19:47:46 ZiP AUS
2013-09-29_19:48:42 ZiP AUS
2013-09-29_19:48:44 ZiP AUS
2013-09-29_19:49:44 ZiP AUS
2013-09-29_19:49:46 ZiP AUS
2013-09-29_19:50:42 ZiP AUS
2013-09-29_19:50:44 ZiP AUS
2013-09-29_19:51:44 ZiP AUS
2013-09-29_19:51:46 ZiP AUS
2013-09-29_19:52:42 ZiP AUS
2013-09-29_19:52:44 ZiP AUS
2013-09-29_19:53:44 ZiP AUS
2013-09-29_19:53:45 ZiP AUS
2013-09-29_19:54:42 ZiP AUS
2013-09-29_19:54:44 ZiP AUS
2013-09-29_19:55:44 ZiP EIN
2013-09-29_19:55:46 ZiP AUS
2013-09-29_19:56:42 ZiP EIN
2013-09-29_19:56:44 ZiP AUS
2013-09-29_19:57:44 ZiP EIN
2013-09-29_19:57:46 ZiP AUS
2013-09-29_19:58:42 ZiP AUS
2013-09-29_19:58:44 ZiP AUS
2013-09-29_19:59:44 ZiP AUS
2013-09-29_19:59:46 ZiP AUS
2013-09-29_20:00:42 ZiP AUS
2013-09-29_20:00:44 ZiP AUS
2013-09-29_20:01:44 ZiP AUS
2013-09-29_20:01:46 ZiP AUS
2013-09-29_20:02:42 ZiP AUS
2013-09-29_20:02:44 ZiP AUS
2013-09-29_20:03:44 ZiP AUS
2013-09-29_20:03:46 ZiP AUS
2013-09-29_20:04:42 ZiP AUS
2013-09-29_20:04:44 ZiP AUS
2013-09-29_20:05:44 ZiP AUS
2013-09-29_20:05:46 ZiP AUS
2013-09-29_20:06:42 ZiP AUS
2013-09-29_20:06:44 ZiP AUS
2013-09-29_20:07:44 ZiP AUS
2013-09-29_20:07:46 ZiP AUS
2013-09-29_20:08:42 ZiP AUS
2013-09-29_20:08:44 ZiP AUS
2013-09-29_20:09:44 ZiP AUS
2013-09-29_20:09:46 ZiP AUS
2013-09-29_20:10:42 ZiP AUS
2013-09-29_20:10:45 ZiP AUS
2013-09-29_20:11:44 ZiP AUS
2013-09-29_20:11:46 ZiP AUS
2013-09-29_20:12:42 ZiP AUS
2013-09-29_20:12:44 ZiP AUS
2013-09-29_20:13:44 ZiP EIN
2013-09-29_20:13:46 ZiP AUS
2013-09-29_20:14:42 ZiP EIN
2013-09-29_20:14:44 ZiP AUS
2013-09-29_20:15:44 ZiP EIN
2013-09-29_20:15:46 ZiP AUS
2013-09-29_20:16:42 ZiP AUS
2013-09-29_20:16:44 ZiP AUS
2013-09-29_20:17:44 ZiP AUS
2013-09-29_20:17:45 ZiP AUS
2013-09-29_20:18:42 ZiP AUS
2013-09-29_20:18:44 ZiP AUS
2013-09-29_20:19:44 ZiP AUS
2013-09-29_20:19:46 ZiP AUS
2013-09-29_20:20:42 ZiP AUS
2013-09-29_20:20:44 ZiP AUS
2013-09-29_20:21:44 ZiP AUS
2013-09-29_20:21:46 ZiP AUS
2013-09-29_20:22:42 ZiP AUS
2013-09-29_20:22:44 ZiP AUS
2013-09-29_20:23:44 ZiP AUS
2013-09-29_20:23:46 ZiP AUS
2013-09-29_20:24:42 ZiP AUS
2013-09-29_20:24:44 ZiP AUS
2013-09-29_20:25:44 ZiP AUS
2013-09-29_20:25:46 ZiP AUS
2013-09-29_20:26:42 ZiP AUS
2013-09-29_20:26:44 ZiP AUS
2013-09-29_20:27:44 ZiP AUS
2013-09-29_20:27:46 ZiP AUS
2013-09-29_20:28:42 ZiP AUS
2013-09-29_20:28:44 ZiP AUS
2013-09-29_20:29:44 ZiP AUS
2013-09-29_20:29:46 ZiP AUS
2013-09-29_20:30:42 ZiP AUS
2013-09-29_20:30:44 ZiP AUS
2013-09-29_20:31:44 ZiP AUS
2013-09-29_20:31:47 ZiP AUS
2013-09-29_20:32:42 ZiP AUS
2013-09-29_20:32:44 ZiP AUS
2013-09-29_20:33:44 ZiP AUS
2013-09-29_20:33:46 ZiP AUS
2013-09-29_20:34:42 ZiP AUS
2013-09-29_20:34:44 ZiP AUS
2013-09-29_20:35:44 ZiP AUS
2013-09-29_20:35:46 ZiP AUS
2013-09-29_20:36:42 ZiP AUS
2013-09-29_20:36:44 ZiP AUS
2013-09-29_20:37:44 ZiP AUS
2013-09-29_20:37:46 ZiP AUS
2013-09-29_20:38:42 ZiP AUS
2013-09-29_20:38:44 ZiP AUS
2013-09-29_20:39:44 ZiP AUS
2013-09-29_20:39:46 ZiP AUS
2013-09-29_20:40:42 ZiP AUS
2013-09-29_20:40:44 ZiP AUS
2013-09-29_20:41:44 ZiP AUS
2013-09-29_20:41:46 ZiP AUS
2013-09-29_20:42:42 ZiP AUS
2013-09-29_20:42:44 ZiP AUS
2013-09-29_20:43:44 ZiP AUS
2013-09-29_20:43:46 ZiP AUS
2013-09-29_20:44:42 ZiP AUS
2013-09-29_20:44:44 ZiP AUS
2013-09-29_20:45:44 ZiP AUS
2013-09-29_20:45:46 ZiP AUS
2013-09-29_20:46:42 ZiP EIN
2013-09-29_20:46:44 ZiP AUS
2013-09-29_20:47:44 ZiP EIN
2013-09-29_20:47:46 ZiP AUS
2013-09-29_20:48:42 ZiP EIN
2013-09-29_20:48:44 ZiP AUS
2013-09-29_20:49:44 ZiP EIN
2013-09-29_20:49:46 ZiP AUS
2013-09-29_20:50:42 ZiP EIN
2013-09-29_20:50:44 ZiP AUS
2013-09-29_20:51:44 ZiP EIN
2013-09-29_20:51:46 ZiP AUS
2013-09-29_20:52:42 ZiP EIN
2013-09-29_20:52:44 ZiP AUS
2013-09-29_20:53:44 ZiP EIN
2013-09-29_20:53:45 ZiP AUS
2013-09-29_20:54:42 ZiP EIN
2013-09-29_20:54:44 ZiP AUS
2013-09-29_20:55:44 ZiP EIN
2013-09-29_20:55:46 ZiP AUS
2013-09-29_20:56:42 ZiP EIN
2013-09-29_20:56:44 ZiP AUS
2013-09-29_20:57:44 ZiP EIN
2013-09-29_20:57:46 ZiP AUS
2013-09-29_20:58:42 ZiP EIN
2013-09-29_20:58:44 ZiP AUS
2013-09-29_20:59:44 ZiP EIN
2013-09-29_20:59:46 ZiP AUS
2013-09-29_21:00:42 ZiP EIN
2013-09-29_21:00:44 ZiP AUS
2013-09-29_21:01:44 ZiP EIN
2013-09-29_21:01:46 ZiP AUS
2013-09-29_21:02:42 ZiP EIN
2013-09-29_21:02:44 ZiP AUS
2013-09-29_21:03:44 ZiP EIN
2013-09-29_21:03:46 ZiP AUS
2013-09-29_21:04:42 ZiP EIN
2013-09-29_21:04:44 ZiP AUS
2013-09-29_21:05:44 ZiP EIN
2013-09-29_21:05:46 ZiP AUS
2013-09-29_21:06:42 ZiP EIN
2013-09-29_21:06:44 ZiP AUS
2013-09-29_21:07:44 ZiP EIN
2013-09-29_21:07:46 ZiP AUS
2013-09-29_21:08:42 ZiP EIN
2013-09-29_21:08:44 ZiP AUS
2013-09-29_21:09:44 ZiP EIN
2013-09-29_21:09:46 ZiP AUS
2013-09-29_21:10:42 ZiP EIN
2013-09-29_21:10:44 ZiP AUS
2013-09-29_21:11:44 ZiP EIN
2013-09-29_21:11:47 ZiP AUS
2013-09-29_21:12:42 ZiP EIN
2013-09-29_21:12:44 ZiP AUS
2013-09-29_21:13:44 ZiP EIN
2013-09-29_21:13:46 ZiP AUS
2013-09-29_21:14:42 ZiP EIN
2013-09-29_21:14:44 ZiP AUS
2013-09-29_21:15:16 ZiP EIN
2013-09-29_21:15:44 ZiP EIN
2013-09-29_21:15:46 ZiP AUS
2013-09-29_21:16:42 ZiP EIN
2013-09-29_21:16:44 ZiP AUS
2013-09-29_21:17:44 ZiP EIN
2013-09-29_21:17:47 ZiP AUS
2013-09-29_21:18:42 ZiP EIN
2013-09-29_21:18:44 ZiP AUS
2013-09-29_21:19:44 ZiP EIN
2013-09-29_21:19:46 ZiP AUS
2013-09-29_21:20:42 ZiP EIN
2013-09-29_21:20:44 ZiP AUS
2013-09-29_21:21:44 ZiP EIN
2013-09-29_21:21:46 ZiP AUS
2013-09-29_21:22:42 ZiP EIN
2013-09-29_21:22:44 ZiP AUS
2013-09-29_21:23:44 ZiP EIN
2013-09-29_21:23:46 ZiP AUS
2013-09-29_21:24:42 ZiP EIN
2013-09-29_21:24:44 ZiP AUS
2013-09-29_21:25:53 ZiP on
2013-09-29_21:25:54 ZiP off
2013-09-29_21:27:39 ZiP on
2013-09-29_21:27:39 ZiP off
2013-09-29_21:28:40 ZiP on
2013-09-29_21:28:43 ZiP off
2013-09-29_21:28:52 ZiP on
2013-09-29_21:28:55 ZiP off
2013-09-29_21:30:18 ZiP on
2013-09-29_21:30:19 ZiP off
2013-09-29_21:31:20 ZiP on
2013-09-29_21:31:23 ZiP off
2013-09-29_21:32:18 ZiP on
2013-09-29_21:32:20 ZiP off
2013-09-29_21:33:20 ZiP on
2013-09-29_21:33:22 ZiP off
2013-09-29_21:34:18 ZiP on
2013-09-29_21:34:20 ZiP off
2013-09-29_21:35:20 ZiP on
2013-09-29_21:35:21 ZiP off
2013-09-29_21:36:18 ZiP on
2013-09-29_21:36:20 ZiP off
2013-09-29_21:37:20 ZiP on
2013-09-29_21:37:22 ZiP off
2013-09-29_21:38:18 ZiP on
2013-09-29_21:38:20 ZiP off
2013-09-29_21:39:20 ZiP on
2013-09-29_21:39:21 ZiP off
2013-09-29_21:40:18 ZiP on
2013-09-29_21:40:19 ZiP off
2013-09-29_21:41:20 ZiP on
2013-09-29_21:41:22 ZiP off
2013-09-29_21:42:18 ZiP on
2013-09-29_21:42:20 ZiP off
2013-09-29_21:43:15 ZiP EIN
2013-09-29_21:43:55 ZiP EIN
2013-09-29_21:43:56 ZiP AUS
2013-09-29_21:44:56 ZiP EIN
2013-09-29_21:44:59 ZiP AUS
2013-09-29_21:45:55 ZiP EIN
2013-09-29_21:45:56 ZiP AUS
2013-09-29_21:46:56 ZiP EIN
2013-09-29_21:46:58 ZiP AUS
2013-09-29_21:47:55 ZiP EIN
2013-09-29_21:47:56 ZiP AUS
2013-09-29_21:48:56 ZiP EIN
2013-09-29_21:48:58 ZiP AUS
2013-09-29_21:49:55 ZiP EIN
2013-09-29_21:49:56 ZiP AUS
2013-09-29_21:51:05 ZiP AUS
2013-09-29_21:51:06 ZiP AUS
2013-09-29_21:52:07 ZiP AUS
2013-09-29_21:52:08 ZiP AUS
2013-09-29_21:53:05 ZiP AUS
2013-09-29_21:53:06 ZiP AUS
2013-09-29_21:54:07 ZiP AUS
2013-09-29_21:54:09 ZiP AUS
2013-09-29_21:55:05 ZiP AUS
2013-09-29_21:55:07 ZiP AUS
2013-09-29_21:56:07 ZiP AUS
2013-09-29_21:56:09 ZiP AUS
2013-09-29_21:57:59 ZiP EIN
2013-09-29_21:57:59 ZiP AUS
2013-09-29_21:59:00 ZiP EIN
2013-09-29_21:59:03 ZiP AUS
2013-09-29_21:59:59 ZiP EIN
2013-09-29_22:00:00 ZiP AUS
2013-09-29_22:01:00 ZiP EIN
2013-09-29_22:01:03 ZiP AUS
2013-09-29_22:02:21 ZiP AUS
2013-09-29_22:02:21 ZiP AUS
2013-09-29_22:03:22 ZiP EIN
2013-09-29_22:03:24 ZiP AUS
2013-09-29_22:04:21 ZiP EIN
2013-09-29_22:04:22 ZiP AUS
2013-09-29_22:05:22 ZiP AUS
2013-09-29_22:05:24 ZiP AUS
2013-09-29_22:06:21 ZiP EIN
2013-09-29_22:06:23 ZiP AUS
2013-09-29_22:07:22 ZiP EIN
2013-09-29_22:07:24 ZiP AUS
2013-09-29_22:08:21 ZiP EIN
2013-09-29_22:08:22 ZiP AUS
2013-09-29_22:09:22 ZiP EIN
2013-09-29_22:09:24 ZiP AUS
2013-09-29_22:10:21 ZiP EIN
2013-09-29_22:10:21 ZiP AUS
2013-09-29_22:10:53 ZiP EIN
2013-09-29_22:11:22 ZiP EIN
2013-09-29_22:11:24 ZiP AUS
2013-09-29_22:12:21 ZiP EIN
2013-09-29_22:12:22 ZiP AUS
2013-09-29_22:13:22 ZiP EIN
2013-09-29_22:13:24 ZiP AUS
2013-09-29_22:14:21 ZiP EIN
2013-09-29_22:14:23 ZiP AUS
2013-09-29_22:15:22 ZiP EIN
2013-09-29_22:15:24 ZiP AUS
2013-09-29_22:16:21 ZiP EIN
2013-09-29_22:16:23 ZiP AUS
2013-09-29_22:17:35 ZiP AUS
2013-09-29_22:17:36 ZiP AUS
2013-09-29_22:18:37 ZiP AUS
2013-09-29_22:18:39 ZiP AUS
2013-09-29_22:19:35 ZiP AUS
2013-09-29_22:19:37 ZiP AUS
2013-09-29_22:20:37 ZiP AUS
2013-09-29_22:20:39 ZiP AUS
2013-09-29_22:22:11 ZiP AUS
2013-09-29_22:22:12 ZiP AUS
2013-09-29_22:23:13 ZiP EIN
2013-09-29_22:23:15 ZiP AUS
2013-09-29_22:23:33 ZiP EIN
2013-09-29_22:24:11 ZiP EIN
2013-09-29_22:24:12 ZiP AUS
2013-09-29_22:25:13 ZiP EIN
2013-09-29_22:25:15 ZiP AUS
2013-09-29_22:26:11 ZiP EIN
2013-09-29_22:26:13 ZiP AUS
2013-09-29_22:27:13 ZiP EIN
2013-09-29_22:27:16 ZiP AUS
2013-09-29_22:28:31 ZiP on
2013-09-29_22:28:31 ZiP off
2013-09-29_22:29:32 ZiP on
2013-09-29_22:29:35 ZiP off
2013-09-29_22:30:31 ZiP off
2013-09-29_22:30:32 ZiP off
2013-09-29_22:31:32 ZiP off
2013-09-29_22:31:35 ZiP off
2013-09-29_22:32:31 ZiP on
2013-09-29_22:32:31 ZiP off
2013-09-29_22:33:32 ZiP on
2013-09-29_22:33:34 ZiP off
2013-09-29_22:34:31 ZiP on
2013-09-29_22:34:32 ZiP off
2013-09-29_22:35:32 ZiP on
2013-09-29_22:35:34 ZiP off
2013-09-29_22:36:23 ZiP on
2013-09-29_22:36:31 ZiP on
2013-09-29_22:36:31 ZiP off
2013-09-29_22:37:32 ZiP on
2013-09-29_22:37:34 ZiP on
2013-09-29_22:37:35 ZiP off
2013-09-29_22:37:47 ZiP on
2013-09-29_22:38:31 ZiP on
2013-09-29_22:38:31 ZiP off
2013-09-29_22:39:32 ZiP on
2013-09-29_22:39:34 ZiP off
2013-09-29_22:40:31 ZiP on
2013-09-29_22:40:33 ZiP off
2013-09-29_22:41:32 ZiP on
2013-09-29_22:41:34 ZiP off
2013-09-29_22:42:31 ZiP on
2013-09-29_22:42:32 ZiP off
2013-09-29_22:43:41 ZiP on
2013-09-29_22:44:43 ZiP on
2013-09-29_22:45:41 ZiP on
2013-09-29_22:46:43 ZiP on
2013-09-29_22:47:41 ZiP on
2013-09-29_22:48:43 ZiP off
2013-09-29_22:49:41 ZiP off
2013-09-29_22:50:43 ZiP off
2013-09-29_22:51:41 ZiP off
2013-09-29_22:52:43 ZiP off
2013-09-29_22:53:41 ZiP off
2013-09-29_22:54:43 ZiP off
2013-09-29_22:55:41 ZiP off
2013-09-29_22:56:43 ZiP off
2013-09-29_22:57:41 ZiP off
2013-09-29_22:58:43 ZiP off
2013-09-29_22:59:41 ZiP off
2013-09-29_23:00:43 ZiP off
2013-09-29_23:01:41 ZiP off
2013-09-29_23:02:43 ZiP off
2013-09-29_23:03:41 ZiP off
2013-09-29_23:04:43 ZiP off
2013-09-29_23:05:41 ZiP off
2013-09-29_23:06:43 ZiP off
2013-09-29_23:07:41 ZiP off
2013-09-29_23:08:43 ZiP off
2013-09-29_23:09:41 ZiP off
2013-09-29_23:10:43 ZiP off
2013-09-29_23:11:41 ZiP off
2013-09-29_23:12:43 ZiP off
2013-09-29_23:13:41 ZiP off
2013-09-29_23:14:43 ZiP off
2013-09-29_23:15:41 ZiP off
2013-09-29_23:16:43 ZiP off
2013-09-29_23:17:41 ZiP off
2013-09-29_23:18:43 ZiP off
2013-09-29_23:19:41 ZiP off
2013-09-29_23:20:43 ZiP off
2013-09-29_23:21:41 ZiP off
2013-09-29_23:22:43 ZiP off
2013-09-29_23:23:41 ZiP off
2013-09-29_23:24:43 ZiP off
2013-09-29_23:25:41 ZiP off
2013-09-29_23:26:43 ZiP off
2013-09-29_23:27:41 ZiP off
2013-09-29_23:28:43 ZiP off
2013-09-29_23:29:41 ZiP off
2013-09-29_23:30:43 ZiP off
2013-09-29_23:31:41 ZiP off
2013-09-29_23:32:43 ZiP off
2013-09-29_23:33:41 ZiP off
2013-09-29_23:34:43 ZiP off
2013-09-29_23:35:41 ZiP off
2013-09-29_23:36:43 ZiP off
2013-09-29_23:37:41 ZiP off
2013-09-29_23:38:43 ZiP off
2013-09-29_23:39:41 ZiP off
2013-09-29_23:40:43 ZiP off
2013-09-29_23:41:41 ZiP off
2013-09-29_23:42:43 ZiP off
2013-09-29_23:43:41 ZiP off
2013-09-29_23:44:43 ZiP off
2013-09-29_23:45:41 ZiP off
2013-09-29_23:46:43 ZiP off
2013-09-29_23:47:41 ZiP off
2013-09-29_23:48:43 ZiP off
2013-09-29_23:49:41 ZiP off
2013-09-29_23:50:43 ZiP off
2013-09-29_23:51:41 ZiP off
2013-09-29_23:52:43 ZiP off
2013-09-29_23:53:41 ZiP off
2013-09-29_23:54:43 ZiP off
2013-09-29_23:55:41 ZiP off
2013-09-29_23:56:43 ZiP off
2013-09-29_23:57:41 ZiP off
2013-09-29_23:58:43 ZiP off
2013-09-29_23:59:41 ZiP off
2013-09-30_00:00:43 ZiP off
2013-09-30_00:01:41 ZiP off
2013-09-30_00:02:43 ZiP off
2013-09-30_00:03:41 ZiP off
2013-09-30_00:04:43 ZiP off
2013-09-30_00:05:41 ZiP off
2013-09-30_00:06:43 ZiP off
2013-09-30_00:07:41 ZiP off
2013-09-30_00:08:43 ZiP off
2013-09-30_00:09:41 ZiP off
2013-09-30_00:10:43 ZiP off
2013-09-30_00:11:41 ZiP off
2013-09-30_00:12:43 ZiP off
2013-09-30_00:13:41 ZiP off
2013-09-30_00:14:43 ZiP off
2013-09-30_00:15:41 ZiP off
2013-09-30_00:16:43 ZiP off
2013-09-30_00:17:41 ZiP off
2013-09-30_00:18:43 ZiP off
2013-09-30_00:19:41 ZiP off
2013-09-30_00:20:43 ZiP off
2013-09-30_00:21:41 ZiP off
2013-09-30_00:22:43 ZiP off
2013-09-30_00:23:41 ZiP off
2013-09-30_00:24:43 ZiP off
2013-09-30_00:25:41 ZiP off
2013-09-30_00:26:43 ZiP off
2013-09-30_00:27:41 ZiP off
2013-09-30_00:28:43 ZiP off
2013-09-30_00:29:41 ZiP off
2013-09-30_00:30:43 ZiP off
2013-09-30_00:31:41 ZiP off
2013-09-30_00:32:43 ZiP off
2013-09-30_00:33:41 ZiP off
2013-09-30_00:34:43 ZiP off
2013-09-30_00:35:41 ZiP off
2013-09-30_00:36:43 ZiP off
2013-09-30_00:37:41 ZiP off
2013-09-30_00:38:43 ZiP off
2013-09-30_00:39:41 ZiP off
2013-09-30_00:40:43 ZiP off
2013-09-30_00:41:41 ZiP off
2013-09-30_00:42:43 ZiP off
2013-09-30_00:43:41 ZiP off
2013-09-30_00:44:43 ZiP off
2013-09-30_00:45:41 ZiP off
2013-09-30_00:46:43 ZiP off
2013-09-30_00:47:41 ZiP off
2013-09-30_00:48:43 ZiP off
2013-09-30_00:49:41 ZiP off
2013-09-30_00:50:43 ZiP off
2013-09-30_00:51:41 ZiP off
2013-09-30_00:52:43 ZiP off
2013-09-30_00:53:41 ZiP off
2013-09-30_00:54:43 ZiP off
2013-09-30_00:55:41 ZiP off
2013-09-30_00:56:43 ZiP off
2013-09-30_00:57:41 ZiP off
2013-09-30_00:58:43 ZiP off
2013-09-30_00:59:41 ZiP off
2013-09-30_01:00:43 ZiP off
2013-09-30_01:01:41 ZiP off
2013-09-30_01:02:43 ZiP off
2013-09-30_01:03:41 ZiP off
2013-09-30_01:04:43 ZiP off
2013-09-30_01:05:41 ZiP off
2013-09-30_01:06:43 ZiP off
2013-09-30_01:07:41 ZiP off
2013-09-30_01:08:43 ZiP off
2013-09-30_01:09:41 ZiP off
2013-09-30_01:10:43 ZiP off
2013-09-30_01:11:41 ZiP off
2013-09-30_01:12:43 ZiP off
2013-09-30_01:13:41 ZiP off
2013-09-30_01:14:43 ZiP off
2013-09-30_01:15:41 ZiP off
2013-09-30_01:16:43 ZiP off
2013-09-30_01:17:41 ZiP off
2013-09-30_01:18:43 ZiP off
2013-09-30_01:19:41 ZiP off
2013-09-30_01:20:43 ZiP off
2013-09-30_01:21:41 ZiP off
2013-09-30_01:22:43 ZiP off
2013-09-30_01:23:41 ZiP off
2013-09-30_01:24:43 ZiP off
2013-09-30_01:25:41 ZiP off
2013-09-30_01:26:43 ZiP off
2013-09-30_01:27:41 ZiP off
2013-09-30_01:28:43 ZiP off
2013-09-30_01:29:41 ZiP off
2013-09-30_01:30:43 ZiP off
2013-09-30_01:31:41 ZiP off
2013-09-30_01:32:43 ZiP off
2013-09-30_01:33:41 ZiP off
2013-09-30_01:34:43 ZiP off
2013-09-30_01:35:41 ZiP off
2013-09-30_01:36:43 ZiP off
2013-09-30_01:37:41 ZiP off
2013-09-30_01:38:43 ZiP off
2013-09-30_01:39:41 ZiP off
2013-09-30_01:40:43 ZiP off
2013-09-30_01:41:41 ZiP off
2013-09-30_01:42:43 ZiP off
2013-09-30_01:43:41 ZiP off
2013-09-30_01:44:43 ZiP off
2013-09-30_01:45:41 ZiP off
2013-09-30_01:46:43 ZiP off
2013-09-30_01:47:41 ZiP off
2013-09-30_01:48:43 ZiP off
2013-09-30_01:49:41 ZiP off
2013-09-30_01:50:43 ZiP off
2013-09-30_01:51:41 ZiP off
2013-09-30_01:52:43 ZiP off
2013-09-30_01:53:41 ZiP off
2013-09-30_01:54:43 ZiP off
2013-09-30_01:55:41 ZiP off
2013-09-30_01:56:43 ZiP off
2013-09-30_01:57:41 ZiP off
2013-09-30_01:58:43 ZiP off
2013-09-30_01:59:41 ZiP off
2013-09-30_02:00:43 ZiP off
2013-09-30_02:01:41 ZiP off
2013-09-30_02:02:43 ZiP off
2013-09-30_02:03:41 ZiP off
2013-09-30_02:04:43 ZiP off
2013-09-30_02:05:41 ZiP off
2013-09-30_02:06:43 ZiP off
2013-09-30_02:07:41 ZiP off
2013-09-30_02:08:43 ZiP off
2013-09-30_02:09:41 ZiP off
2013-09-30_02:10:43 ZiP off
2013-09-30_02:11:41 ZiP off
2013-09-30_02:12:43 ZiP off
2013-09-30_02:13:41 ZiP off
2013-09-30_02:14:43 ZiP off
2013-09-30_02:15:41 ZiP off
2013-09-30_02:16:43 ZiP off
2013-09-30_02:17:41 ZiP off
2013-09-30_02:18:43 ZiP off
2013-09-30_02:19:41 ZiP off
2013-09-30_02:20:43 ZiP off
2013-09-30_02:21:41 ZiP off
2013-09-30_02:22:43 ZiP off
2013-09-30_02:23:41 ZiP off
2013-09-30_02:24:43 ZiP off
2013-09-30_02:25:41 ZiP off
2013-09-30_02:26:43 ZiP off
2013-09-30_02:27:41 ZiP off
2013-09-30_02:28:43 ZiP off
2013-09-30_02:29:41 ZiP off
2013-09-30_02:30:43 ZiP off
2013-09-30_02:31:41 ZiP off
2013-09-30_02:32:43 ZiP off
2013-09-30_02:33:41 ZiP off
2013-09-30_02:34:43 ZiP off
2013-09-30_02:35:41 ZiP off
2013-09-30_02:36:43 ZiP off
2013-09-30_02:37:41 ZiP off
2013-09-30_02:38:43 ZiP off
2013-09-30_02:39:41 ZiP off
2013-09-30_02:40:43 ZiP off
2013-09-30_02:41:41 ZiP off
2013-09-30_02:42:43 ZiP off
2013-09-30_02:43:41 ZiP off
2013-09-30_02:44:43 ZiP off
2013-09-30_02:45:41 ZiP off
2013-09-30_02:46:43 ZiP off
2013-09-30_02:47:41 ZiP off
2013-09-30_02:48:43 ZiP off
2013-09-30_02:49:41 ZiP off
2013-09-30_02:50:43 ZiP off
2013-09-30_02:51:41 ZiP off
2013-09-30_02:52:43 ZiP off
2013-09-30_02:53:41 ZiP off
2013-09-30_02:54:43 ZiP off
2013-09-30_02:55:41 ZiP off
2013-09-30_02:56:43 ZiP off
2013-09-30_02:57:41 ZiP off
2013-09-30_02:58:43 ZiP off
2013-09-30_02:59:41 ZiP off
2013-09-30_03:00:43 ZiP off
2013-09-30_03:01:41 ZiP off
2013-09-30_03:02:43 ZiP off
2013-09-30_03:03:41 ZiP off
2013-09-30_03:04:43 ZiP off
2013-09-30_03:05:41 ZiP off
2013-09-30_03:06:43 ZiP off
2013-09-30_03:07:41 ZiP off
2013-09-30_03:08:43 ZiP off
2013-09-30_03:09:41 ZiP off
2013-09-30_03:10:43 ZiP off
2013-09-30_03:11:41 ZiP off
2013-09-30_03:12:43 ZiP off
2013-09-30_03:13:41 ZiP off
2013-09-30_03:14:43 ZiP off
2013-09-30_03:15:41 ZiP off
2013-09-30_03:16:43 ZiP off
2013-09-30_03:17:41 ZiP off
2013-09-30_03:18:43 ZiP off
2013-09-30_03:19:41 ZiP off
2013-09-30_03:20:43 ZiP off
2013-09-30_03:21:41 ZiP off
2013-09-30_03:22:43 ZiP off
2013-09-30_03:23:41 ZiP off
2013-09-30_03:24:43 ZiP off
2013-09-30_03:25:41 ZiP off
2013-09-30_03:26:43 ZiP off
2013-09-30_03:27:41 ZiP off
2013-09-30_03:28:43 ZiP off
2013-09-30_03:29:41 ZiP off
2013-09-30_03:30:43 ZiP off
2013-09-30_03:31:41 ZiP off
2013-09-30_03:32:43 ZiP off
2013-09-30_03:33:41 ZiP off
2013-09-30_03:34:43 ZiP off
2013-09-30_03:35:41 ZiP off
2013-09-30_03:36:43 ZiP off
2013-09-30_03:37:41 ZiP off
2013-09-30_03:38:43 ZiP off
2013-09-30_03:39:41 ZiP off
2013-09-30_03:40:43 ZiP off
2013-09-30_03:41:41 ZiP off
2013-09-30_03:42:43 ZiP off
2013-09-30_03:43:41 ZiP off
2013-09-30_03:44:43 ZiP off
2013-09-30_03:45:41 ZiP off
2013-09-30_03:46:43 ZiP off
2013-09-30_03:47:41 ZiP off
2013-09-30_03:48:43 ZiP off
2013-09-30_03:49:41 ZiP off
2013-09-30_03:50:43 ZiP off
2013-09-30_03:51:41 ZiP off
2013-09-30_03:52:43 ZiP off
2013-09-30_03:53:41 ZiP off
2013-09-30_03:54:43 ZiP off
2013-09-30_03:55:41 ZiP off
2013-09-30_03:56:43 ZiP off
2013-09-30_03:57:41 ZiP off
2013-09-30_03:58:43 ZiP off
2013-09-30_03:59:41 ZiP off
2013-09-30_04:00:43 ZiP off
2013-09-30_04:01:41 ZiP off
2013-09-30_04:02:43 ZiP off
2013-09-30_04:03:41 ZiP off
2013-09-30_04:04:43 ZiP off
2013-09-30_04:05:41 ZiP off
2013-09-30_04:06:43 ZiP off
2013-09-30_04:07:41 ZiP off
2013-09-30_04:08:43 ZiP off
2013-09-30_04:09:41 ZiP off
2013-09-30_04:10:43 ZiP off
2013-09-30_04:11:41 ZiP off
2013-09-30_04:12:43 ZiP off
2013-09-30_04:13:41 ZiP off
2013-09-30_04:14:43 ZiP off
2013-09-30_04:15:41 ZiP off
2013-09-30_04:16:43 ZiP off
2013-09-30_04:17:41 ZiP off
2013-09-30_04:18:43 ZiP off
2013-09-30_04:19:41 ZiP off
2013-09-30_04:20:43 ZiP off
2013-09-30_04:21:41 ZiP off
2013-09-30_04:22:43 ZiP off
2013-09-30_04:23:41 ZiP off
2013-09-30_04:24:43 ZiP off
2013-09-30_04:25:41 ZiP off
2013-09-30_04:26:43 ZiP off
2013-09-30_04:27:41 ZiP off
2013-09-30_04:28:43 ZiP off
2013-09-30_04:29:41 ZiP off
2013-09-30_04:30:43 ZiP off
2013-09-30_04:31:41 ZiP off
2013-09-30_04:32:43 ZiP off
2013-09-30_04:33:41 ZiP off
2013-09-30_04:34:43 ZiP off
2013-09-30_04:35:41 ZiP off
2013-09-30_04:36:43 ZiP off
2013-09-30_04:37:41 ZiP off
2013-09-30_04:38:43 ZiP off
2013-09-30_04:39:41 ZiP off
2013-09-30_04:40:43 ZiP off
2013-09-30_04:41:41 ZiP off
2013-09-30_04:42:43 ZiP off
2013-09-30_04:43:41 ZiP off
2013-09-30_04:44:43 ZiP off
2013-09-30_04:45:41 ZiP off
2013-09-30_04:46:43 ZiP off
2013-09-30_04:47:41 ZiP off
2013-09-30_04:48:43 ZiP off
2013-09-30_04:49:41 ZiP off
2013-09-30_04:50:43 ZiP off
2013-09-30_04:51:41 ZiP off
2013-09-30_04:52:43 ZiP off
2013-09-30_04:53:41 ZiP off
2013-09-30_04:54:43 ZiP off
2013-09-30_04:55:41 ZiP off
2013-09-30_04:56:43 ZiP off
2013-09-30_04:57:41 ZiP off
2013-09-30_04:58:43 ZiP off
2013-09-30_04:59:41 ZiP off
2013-09-30_05:00:43 ZiP off
2013-09-30_05:01:41 ZiP off
2013-09-30_05:02:43 ZiP off
2013-09-30_05:03:41 ZiP off
2013-09-30_05:04:43 ZiP off
2013-09-30_05:05:41 ZiP off
2013-09-30_05:06:43 ZiP off
2013-09-30_05:07:41 ZiP off
2013-09-30_05:08:43 ZiP off
2013-09-30_05:09:41 ZiP off
2013-09-30_05:10:43 ZiP off
2013-09-30_05:11:41 ZiP off
2013-09-30_05:12:43 ZiP off
2013-09-30_05:13:41 ZiP off
2013-09-30_05:14:43 ZiP off
2013-09-30_05:15:41 ZiP off
2013-09-30_05:16:43 ZiP off
2013-09-30_05:17:41 ZiP off
2013-09-30_05:18:43 ZiP off
2013-09-30_05:19:41 ZiP off
2013-09-30_05:20:43 ZiP off
2013-09-30_05:21:41 ZiP off
2013-09-30_05:22:43 ZiP off
2013-09-30_05:23:41 ZiP off
2013-09-30_05:24:43 ZiP off
2013-09-30_05:25:41 ZiP off
2013-09-30_05:26:43 ZiP off
2013-09-30_05:27:41 ZiP off
2013-09-30_05:28:43 ZiP off
2013-09-30_05:29:41 ZiP off
2013-09-30_05:30:43 ZiP off
2013-09-30_05:31:41 ZiP off
2013-09-30_05:32:43 ZiP off
2013-09-30_05:33:41 ZiP off
2013-09-30_05:34:43 ZiP off
2013-09-30_05:35:41 ZiP off
2013-09-30_05:36:43 ZiP off
2013-09-30_05:37:41 ZiP off
2013-09-30_05:38:43 ZiP off
2013-09-30_05:39:41 ZiP off
2013-09-30_05:40:43 ZiP off
2013-09-30_05:41:41 ZiP off
2013-09-30_05:42:43 ZiP off
2013-09-30_05:43:41 ZiP off
2013-09-30_05:44:43 ZiP off
2013-09-30_05:45:41 ZiP off
2013-09-30_05:46:43 ZiP off
2013-09-30_05:47:41 ZiP off
2013-09-30_05:48:43 ZiP off
2013-09-30_05:49:41 ZiP off
2013-09-30_05:50:43 ZiP off
2013-09-30_05:51:41 ZiP off
2013-09-30_05:52:43 ZiP off
2013-09-30_05:53:41 ZiP off
2013-09-30_05:54:43 ZiP off
2013-09-30_05:55:41 ZiP off
2013-09-30_05:56:43 ZiP off
2013-09-30_05:57:41 ZiP off
2013-09-30_05:58:43 ZiP off
2013-09-30_05:59:41 ZiP off
2013-09-30_06:00:43 ZiP off
2013-09-30_06:01:41 ZiP off
2013-09-30_06:02:43 ZiP off
2013-09-30_06:03:41 ZiP off
2013-09-30_06:04:43 ZiP off
2013-09-30_06:05:41 ZiP off
2013-09-30_06:06:43 ZiP off
2013-09-30_06:07:41 ZiP off
2013-09-30_06:08:43 ZiP off
2013-09-30_06:09:41 ZiP off
2013-09-30_06:10:43 ZiP off
2013-09-30_06:11:41 ZiP off
2013-09-30_06:12:43 ZiP off
2013-09-30_06:13:41 ZiP off
2013-09-30_06:14:43 ZiP off
2013-09-30_06:15:41 ZiP on
2013-09-30_06:16:43 ZiP on
2013-09-30_06:17:41 ZiP on
2013-09-30_06:18:43 ZiP on
2013-09-30_06:19:41 ZiP on
2013-09-30_06:20:43 ZiP on
2013-09-30_06:21:41 ZiP on
2013-09-30_06:22:43 ZiP on
2013-09-30_06:23:41 ZiP on
2013-09-30_06:24:43 ZiP on
2013-09-30_06:25:41 ZiP on
2013-09-30_06:26:43 ZiP on
2013-09-30_06:27:41 ZiP on
2013-09-30_06:28:43 ZiP on
2013-09-30_06:29:41 ZiP on
2013-09-30_06:30:43 ZiP on
2013-09-30_06:31:41 ZiP on
2013-09-30_06:32:43 ZiP on
2013-09-30_06:33:41 ZiP on
2013-09-30_06:34:43 ZiP on
2013-09-30_06:35:41 ZiP on
2013-09-30_06:36:43 ZiP on
2013-09-30_06:37:41 ZiP on
2013-09-30_06:38:43 ZiP on
2013-09-30_06:39:41 ZiP on
2013-09-30_06:40:43 ZiP on
2013-09-30_06:41:41 ZiP on
2013-09-30_06:42:43 ZiP on
2013-09-30_06:43:41 ZiP on
2013-09-30_06:44:43 ZiP on
2013-09-30_06:45:41 ZiP on
2013-09-30_06:46:43 ZiP on
2013-09-30_06:47:41 ZiP on
2013-09-30_06:48:43 ZiP on
2013-09-30_06:49:41 ZiP on
2013-09-30_06:50:43 ZiP on
2013-09-30_06:51:41 ZiP on
2013-09-30_06:52:43 ZiP on
2013-09-30_06:53:41 ZiP on
2013-09-30_06:54:43 ZiP on
2013-09-30_06:55:41 ZiP on
2013-09-30_06:56:43 ZiP on
2013-09-30_06:57:41 ZiP on
2013-09-30_06:58:43 ZiP on
2013-09-30_06:59:41 ZiP on
2013-09-30_07:00:43 ZiP on
2013-09-30_07:01:41 ZiP on
2013-09-30_07:02:43 ZiP on
2013-09-30_07:03:41 ZiP on
2013-09-30_07:04:43 ZiP on
2013-09-30_07:05:41 ZiP on
2013-09-30_07:06:43 ZiP on
2013-09-30_07:07:41 ZiP on
2013-09-30_07:08:43 ZiP on
2013-09-30_07:09:41 ZiP on
2013-09-30_07:10:43 ZiP on
2013-09-30_07:11:41 ZiP on
2013-09-30_07:12:43 ZiP on
2013-09-30_07:13:41 ZiP on
2013-09-30_07:14:43 ZiP on
2013-09-30_07:15:41 ZiP on
2013-09-30_07:16:43 ZiP on
2013-09-30_07:17:41 ZiP on
2013-09-30_07:18:43 ZiP on
2013-09-30_07:19:41 ZiP on
2013-09-30_07:20:43 ZiP on
2013-09-30_07:21:41 ZiP on
2013-09-30_07:22:43 ZiP on
2013-09-30_07:23:41 ZiP on
2013-09-30_07:24:43 ZiP on
2013-09-30_07:25:41 ZiP on
2013-09-30_07:26:43 ZiP on
2013-09-30_07:27:41 ZiP on
2013-09-30_07:28:43 ZiP on
2013-09-30_07:29:41 ZiP on
2013-09-30_07:30:43 ZiP on
2013-09-30_07:31:41 ZiP on
2013-09-30_07:32:43 ZiP on
2013-09-30_07:33:41 ZiP on
2013-09-30_07:34:43 ZiP on
2013-09-30_07:35:41 ZiP on
2013-09-30_07:36:43 ZiP on
2013-09-30_07:37:41 ZiP on
2013-09-30_07:38:43 ZiP on
2013-09-30_07:40:01 ZiP on
2013-09-30_07:40:03 ZiP off
2013-09-30_07:41:03 ZiP on
2013-09-30_07:41:05 ZiP off
2013-09-30_07:42:01 ZiP on
2013-09-30_07:42:03 ZiP off
2013-09-30_07:43:03 ZiP on
2013-09-30_07:43:05 ZiP off
2013-09-30_07:44:01 ZiP on
2013-09-30_07:44:02 ZiP off
2013-09-30_07:45:03 ZiP on
2013-09-30_07:45:06 ZiP off
2013-09-30_07:46:01 ZiP on
2013-09-30_07:46:03 ZiP off
2013-09-30_07:47:03 ZiP on
2013-09-30_07:47:05 ZiP off
2013-09-30_07:48:01 ZiP on
2013-09-30_07:48:02 ZiP off
2013-09-30_07:49:03 ZiP on
2013-09-30_07:49:05 ZiP off
2013-09-30_07:50:01 ZiP on
2013-09-30_07:50:03 ZiP off
2013-09-30_07:51:03 ZiP on
2013-09-30_07:51:05 ZiP off
2013-09-30_07:52:01 ZiP on
2013-09-30_07:52:02 ZiP off
2013-09-30_07:53:03 ZiP on
2013-09-30_07:53:05 ZiP off
2013-09-30_07:54:01 ZiP on
2013-09-30_07:54:02 ZiP off
2013-09-30_07:55:03 ZiP on
2013-09-30_07:55:06 ZiP off
2013-09-30_07:56:01 ZiP on
2013-09-30_07:56:03 ZiP off
2013-09-30_07:57:03 ZiP on
2013-09-30_07:57:05 ZiP off
2013-09-30_07:58:01 ZiP on
2013-09-30_07:58:02 ZiP off
2013-09-30_07:59:03 ZiP on
2013-09-30_07:59:05 ZiP off
2013-09-30_08:00:01 ZiP on
2013-09-30_08:00:03 ZiP off
2013-09-30_08:01:03 ZiP on
2013-09-30_08:01:05 ZiP off
2013-09-30_08:02:01 ZiP on
2013-09-30_08:02:02 ZiP off
2013-09-30_08:03:03 ZiP on
2013-09-30_08:03:05 ZiP off
2013-09-30_08:04:01 ZiP on
2013-09-30_08:04:02 ZiP off
2013-09-30_08:05:03 ZiP on
2013-09-30_08:05:06 ZiP off
2013-09-30_08:06:01 ZiP on
2013-09-30_08:06:02 ZiP off
2013-09-30_08:07:03 ZiP on
2013-09-30_08:07:05 ZiP off
2013-09-30_08:08:01 ZiP on
2013-09-30_08:08:02 ZiP off
2013-09-30_08:09:03 ZiP on
2013-09-30_08:09:06 ZiP off
2013-09-30_08:10:01 ZiP on
2013-09-30_08:10:04 ZiP off
2013-09-30_08:11:03 ZiP on
2013-09-30_08:11:05 ZiP off
2013-09-30_08:12:01 ZiP on
2013-09-30_08:12:02 ZiP off
2013-09-30_08:13:03 ZiP on
2013-09-30_08:13:06 ZiP off
2013-09-30_08:14:01 ZiP on
2013-09-30_08:14:02 ZiP off
2013-09-30_08:15:03 ZiP on
2013-09-30_08:15:06 ZiP off
2013-09-30_08:16:01 ZiP on
2013-09-30_08:16:02 ZiP off
2013-09-30_08:17:03 ZiP on
2013-09-30_08:17:05 ZiP off
2013-09-30_08:18:01 ZiP on
2013-09-30_08:18:03 ZiP off
2013-09-30_08:19:03 ZiP on
2013-09-30_08:19:05 ZiP off
2013-09-30_08:20:01 ZiP on
2013-09-30_08:20:03 ZiP off
2013-09-30_08:21:03 ZiP on
2013-09-30_08:21:05 ZiP off
2013-09-30_08:22:01 ZiP on
2013-09-30_08:22:02 ZiP off
2013-09-30_08:23:03 ZiP on
2013-09-30_08:23:05 ZiP off
2013-09-30_08:24:01 ZiP on
2013-09-30_08:24:02 ZiP off
2013-09-30_08:25:03 ZiP on
2013-09-30_08:25:06 ZiP off
2013-09-30_08:26:01 ZiP on
2013-09-30_08:26:03 ZiP off
2013-09-30_08:27:03 ZiP on
2013-09-30_08:27:05 ZiP off
2013-09-30_08:28:01 ZiP on
2013-09-30_08:28:02 ZiP off
2013-09-30_08:29:03 ZiP on
2013-09-30_08:29:05 ZiP off
2013-09-30_08:30:01 ZiP on
2013-09-30_08:30:03 ZiP off
2013-09-30_08:31:03 ZiP on
2013-09-30_08:31:05 ZiP off
2013-09-30_08:32:01 ZiP on
2013-09-30_08:32:02 ZiP off
2013-09-30_08:33:03 ZiP on
2013-09-30_08:33:05 ZiP off
2013-09-30_08:34:01 ZiP on
2013-09-30_08:34:02 ZiP off
2013-09-30_08:35:03 ZiP on
2013-09-30_08:35:06 ZiP off
2013-09-30_08:36:01 ZiP on
2013-09-30_08:36:02 ZiP off
2013-09-30_08:37:03 ZiP on
2013-09-30_08:37:06 ZiP off
2013-09-30_08:38:01 ZiP on
2013-09-30_08:38:02 ZiP off
2013-09-30_08:39:03 ZiP on
2013-09-30_08:39:06 ZiP off
2013-09-30_08:40:01 ZiP on
2013-09-30_08:40:04 ZiP off
2013-09-30_08:41:03 ZiP on
2013-09-30_08:41:05 ZiP off
2013-09-30_08:42:01 ZiP on
2013-09-30_08:42:02 ZiP off
2013-09-30_08:43:03 ZiP on
2013-09-30_08:43:05 ZiP off
2013-09-30_08:44:01 ZiP on
2013-09-30_08:44:02 ZiP off
2013-09-30_08:45:03 ZiP on
2013-09-30_08:45:06 ZiP off
2013-09-30_08:46:01 ZiP on
2013-09-30_08:46:02 ZiP off
2013-09-30_08:47:03 ZiP on
2013-09-30_08:47:05 ZiP off
2013-09-30_08:48:01 ZiP on
2013-09-30_08:48:02 ZiP off
2013-09-30_08:49:03 ZiP on
2013-09-30_08:49:05 ZiP off
2013-09-30_08:50:01 ZiP on
2013-09-30_08:50:03 ZiP off
2013-09-30_08:51:03 ZiP on
2013-09-30_08:51:05 ZiP off
2013-09-30_08:52:01 ZiP on
2013-09-30_08:52:03 ZiP off
2013-09-30_08:53:03 ZiP on
2013-09-30_08:53:05 ZiP off
2013-09-30_08:54:01 ZiP on
2013-09-30_08:54:02 ZiP off
2013-09-30_08:55:02 ZiP on
2013-09-30_08:55:05 ZiP off
2013-09-30_08:56:01 ZiP on
2013-09-30_08:56:03 ZiP off
2013-09-30_08:57:03 ZiP on
2013-09-30_08:57:05 ZiP off
2013-09-30_08:58:01 ZiP on
2013-09-30_08:58:02 ZiP off
2013-09-30_08:59:03 ZiP on
2013-09-30_08:59:05 ZiP off
2013-09-30_09:00:01 ZiP on
2013-09-30_09:00:03 ZiP off
2013-09-30_09:01:03 ZiP on
2013-09-30_09:01:05 ZiP off
2013-09-30_09:02:01 ZiP on
2013-09-30_09:02:02 ZiP off
2013-09-30_09:03:03 ZiP on
2013-09-30_09:03:05 ZiP off
2013-09-30_09:04:01 ZiP on
2013-09-30_09:04:02 ZiP off
2013-09-30_09:05:03 ZiP on
2013-09-30_09:05:06 ZiP off
2013-09-30_09:06:01 ZiP on
2013-09-30_09:06:03 ZiP off
2013-09-30_09:07:03 ZiP on
2013-09-30_09:07:05 ZiP off
2013-09-30_09:08:01 ZiP on
2013-09-30_09:08:02 ZiP off
2013-09-30_09:09:03 ZiP on
2013-09-30_09:09:06 ZiP off
2013-09-30_09:10:01 ZiP on
2013-09-30_09:10:03 ZiP off
2013-09-30_09:11:03 ZiP on
2013-09-30_09:11:05 ZiP off
2013-09-30_09:12:01 ZiP on
2013-09-30_09:12:03 ZiP off
2013-09-30_09:13:03 ZiP on
2013-09-30_09:13:05 ZiP off
2013-09-30_09:14:01 ZiP on
2013-09-30_09:14:02 ZiP off
2013-09-30_09:15:03 ZiP on
2013-09-30_09:15:06 ZiP off
2013-09-30_09:16:01 ZiP on
2013-09-30_09:16:02 ZiP off
2013-09-30_09:17:03 ZiP on
2013-09-30_09:17:05 ZiP off
2013-09-30_09:18:01 ZiP on
2013-09-30_09:18:03 ZiP off
2013-09-30_09:19:03 ZiP on
2013-09-30_09:19:05 ZiP off
2013-09-30_09:20:01 ZiP on
2013-09-30_09:20:03 ZiP off
2013-09-30_09:21:03 ZiP on
2013-09-30_09:21:05 ZiP off
2013-09-30_09:22:01 ZiP on
2013-09-30_09:22:02 ZiP off
2013-09-30_09:23:03 ZiP on
2013-09-30_09:23:05 ZiP off
2013-09-30_09:24:01 ZiP on
2013-09-30_09:24:02 ZiP off
2013-09-30_09:25:03 ZiP on
2013-09-30_09:25:06 ZiP off
2013-09-30_09:26:01 ZiP on
2013-09-30_09:26:03 ZiP off
2013-09-30_09:27:03 ZiP on
2013-09-30_09:27:05 ZiP off
2013-09-30_09:28:01 ZiP on
2013-09-30_09:28:03 ZiP off
2013-09-30_09:29:03 ZiP on
2013-09-30_09:29:05 ZiP off
2013-09-30_09:30:01 ZiP on
2013-09-30_09:30:03 ZiP off
2013-09-30_09:31:03 ZiP on
2013-09-30_09:31:05 ZiP off
2013-09-30_09:32:01 ZiP on
2013-09-30_09:32:02 ZiP off
2013-09-30_09:33:03 ZiP on
2013-09-30_09:33:05 ZiP off
2013-09-30_09:34:01 ZiP on
2013-09-30_09:34:02 ZiP off
2013-09-30_09:35:03 ZiP on
2013-09-30_09:35:06 ZiP off
2013-09-30_09:36:01 ZiP on
2013-09-30_09:36:02 ZiP off
2013-09-30_09:37:03 ZiP on
2013-09-30_09:37:05 ZiP off
2013-09-30_09:38:01 ZiP on
2013-09-30_09:38:02 ZiP off
2013-09-30_09:39:03 ZiP on
2013-09-30_09:39:08 ZiP off
2013-09-30_09:39:54 ZiP on
2013-09-30_09:40:01 ZiP on
2013-09-30_09:40:01 ZiP off
2013-09-30_09:41:03 ZiP on
2013-09-30_09:41:05 ZiP off
2013-09-30_09:42:01 ZiP on
2013-09-30_09:42:03 ZiP off
2013-09-30_09:43:03 ZiP on
2013-09-30_09:43:05 ZiP off
2013-09-30_09:44:01 ZiP on
2013-09-30_09:44:02 ZiP off
2013-09-30_09:44:57 ZiP on
2013-09-30_09:45:03 ZiP on
2013-09-30_09:45:05 ZiP off
2013-09-30_09:45:23 ZiP on
2013-09-30_09:46:01 ZiP on
2013-09-30_09:46:01 ZiP off
2013-09-30_09:47:20 ZiP on
2013-09-30_09:48:22 ZiP on
2013-09-30_09:49:09 ZiP off
2013-09-30_09:49:20 ZiP on
2013-09-30_09:50:22 ZiP on
2013-09-30_09:51:20 ZiP on
2013-09-30_09:52:22 ZiP on
2013-09-30_09:53:20 ZiP on
2013-09-30_09:54:22 ZiP on
2013-09-30_09:55:20 ZiP on
2013-09-30_09:56:22 ZiP on
2013-09-30_09:57:20 ZiP on
2013-09-30_09:58:22 ZiP on
2013-09-30_09:59:20 ZiP on
2013-09-30_10:00:22 ZiP on
2013-09-30_10:01:20 ZiP on
2013-09-30_10:02:22 ZiP on
2013-09-30_10:03:20 ZiP on
2013-09-30_10:04:22 ZiP on
2013-09-30_10:05:20 ZiP off
2013-09-30_10:06:22 ZiP off
2013-09-30_10:07:20 ZiP off
2013-09-30_10:08:22 ZiP off
2013-09-30_10:09:20 ZiP off
2013-09-30_10:10:22 ZiP off
2013-09-30_10:11:20 ZiP off
2013-09-30_10:12:22 ZiP off
2013-09-30_10:13:20 ZiP off
2013-09-30_10:14:22 ZiP off
2013-09-30_10:15:20 ZiP off
2013-09-30_10:16:22 ZiP off
2013-09-30_10:17:20 ZiP off
2013-09-30_10:19:00 ZiP off
2013-09-30_10:20:01 ZiP off
2013-09-30_10:21:36 ZiP off
2013-09-30_10:21:37 ZiP off
2013-09-30_10:22:37 ZiP off
2013-09-30_10:22:39 ZiP off
2013-09-30_10:23:36 ZiP off
2013-09-30_10:23:37 ZiP off
2013-09-30_10:24:37 ZiP off
2013-09-30_10:24:39 ZiP off
2013-09-30_10:25:36 ZiP off
2013-09-30_10:25:38 ZiP off
2013-09-30_10:26:37 ZiP off
2013-09-30_10:26:39 ZiP off
2013-09-30_10:27:36 ZiP off
2013-09-30_10:27:37 ZiP off
2013-09-30_10:28:37 ZiP off
2013-09-30_10:28:40 ZiP off
2013-09-30_10:29:36 ZiP off
2013-09-30_10:29:37 ZiP off
2013-09-30_10:30:37 ZiP off
2013-09-30_10:30:40 ZiP off
2013-09-30_10:31:36 ZiP off
2013-09-30_10:31:37 ZiP off
2013-09-30_10:32:37 ZiP off
2013-09-30_10:32:40 ZiP off
2013-09-30_10:33:36 ZiP off
2013-09-30_10:33:37 ZiP off
2013-09-30_10:34:37 ZiP off
2013-09-30_10:34:39 ZiP off
2013-09-30_10:35:36 ZiP off
2013-09-30_10:35:37 ZiP off
2013-09-30_10:36:37 ZiP on
2013-09-30_10:36:39 ZiP off
2013-09-30_10:37:36 ZiP on
2013-09-30_10:37:37 ZiP off
2013-09-30_10:38:37 ZiP on
2013-09-30_10:38:39 ZiP off
2013-09-30_10:39:36 ZiP off
2013-09-30_10:39:37 ZiP off
2013-09-30_10:40:37 ZiP off
2013-09-30_10:40:40 ZiP off
2013-09-30_10:41:36 ZiP off
2013-09-30_10:41:38 ZiP off
2013-09-30_10:42:37 ZiP off
2013-09-30_10:42:40 ZiP off
2013-09-30_10:43:36 ZiP off
2013-09-30_10:43:38 ZiP off
2013-09-30_10:44:37 ZiP off
2013-09-30_10:44:40 ZiP off
2013-09-30_10:45:36 ZiP on
2013-09-30_10:45:38 ZiP off
2013-09-30_10:46:37 ZiP on
2013-09-30_10:46:40 ZiP off
2013-09-30_10:47:36 ZiP on
2013-09-30_10:47:37 ZiP off
2013-09-30_10:48:37 ZiP off
2013-09-30_10:48:40 ZiP off
2013-09-30_10:49:36 ZiP off
2013-09-30_10:49:37 ZiP off
2013-09-30_10:50:37 ZiP off
2013-09-30_10:50:40 ZiP off
2013-09-30_10:51:36 ZiP on
2013-09-30_10:51:37 ZiP off
2013-09-30_10:52:37 ZiP on
2013-09-30_10:52:40 ZiP off
2013-09-30_10:53:36 ZiP on
2013-09-30_10:53:37 ZiP off
2013-09-30_10:54:37 ZiP off
2013-09-30_10:54:39 ZiP off
2013-09-30_10:55:36 ZiP off
2013-09-30_10:55:38 ZiP off
2013-09-30_10:56:37 ZiP off
2013-09-30_10:56:40 ZiP off
2013-09-30_10:57:36 ZiP off
2013-09-30_10:57:37 ZiP off
2013-09-30_10:58:37 ZiP off
2013-09-30_10:58:40 ZiP off
2013-09-30_10:59:36 ZiP off
2013-09-30_10:59:38 ZiP off
2013-09-30_11:00:37 ZiP off
2013-09-30_11:00:40 ZiP off
2013-09-30_11:01:36 ZiP off
2013-09-30_11:01:37 ZiP off
2013-09-30_11:02:37 ZiP off
2013-09-30_11:02:39 ZiP off
2013-09-30_11:03:36 ZiP off
2013-09-30_11:03:37 ZiP off
2013-09-30_11:04:37 ZiP off
2013-09-30_11:04:40 ZiP off
2013-09-30_11:05:36 ZiP off
2013-09-30_11:05:38 ZiP off
2013-09-30_11:06:37 ZiP on
2013-09-30_11:06:39 ZiP off
2013-09-30_11:07:36 ZiP on
2013-09-30_11:07:37 ZiP off
2013-09-30_11:08:37 ZiP on
2013-09-30_11:08:40 ZiP off
2013-09-30_11:09:36 ZiP off
2013-09-30_11:09:38 ZiP off
2013-09-30_11:10:37 ZiP off
2013-09-30_11:10:40 ZiP off
2013-09-30_11:11:36 ZiP off
2013-09-30_11:11:37 ZiP off
2013-09-30_11:12:37 ZiP off
2013-09-30_11:12:40 ZiP off
2013-09-30_11:13:36 ZiP off
2013-09-30_11:13:38 ZiP off
2013-09-30_11:14:37 ZiP off
2013-09-30_11:14:40 ZiP off
2013-09-30_11:15:36 ZiP off
2013-09-30_11:15:38 ZiP off
2013-09-30_11:16:37 ZiP off
2013-09-30_11:16:40 ZiP off
2013-09-30_11:17:36 ZiP off
2013-09-30_11:17:37 ZiP off
2013-09-30_11:18:37 ZiP off
2013-09-30_11:18:40 ZiP off
2013-09-30_11:19:36 ZiP off
2013-09-30_11:19:37 ZiP off
2013-09-30_11:20:37 ZiP off
2013-09-30_11:20:40 ZiP off
2013-09-30_11:21:36 ZiP off
2013-09-30_11:21:37 ZiP off
2013-09-30_11:22:37 ZiP off
2013-09-30_11:22:39 ZiP off
2013-09-30_11:23:36 ZiP off
2013-09-30_11:23:37 ZiP off
2013-09-30_11:24:37 ZiP off
2013-09-30_11:24:39 ZiP off
2013-09-30_11:25:36 ZiP off
2013-09-30_11:25:37 ZiP off
2013-09-30_11:26:37 ZiP off
2013-09-30_11:26:39 ZiP off
2013-09-30_11:27:36 ZiP off
2013-09-30_11:27:37 ZiP off
2013-09-30_11:28:37 ZiP off
2013-09-30_11:28:40 ZiP off
2013-09-30_11:29:36 ZiP off
2013-09-30_11:29:37 ZiP off
2013-09-30_11:30:37 ZiP on
2013-09-30_11:30:40 ZiP off
2013-09-30_11:32:32 ZiP on
2013-09-30_11:32:34 ZiP off
2013-09-30_11:33:34 ZiP on
2013-09-30_11:33:37 ZiP off
2013-09-30_11:34:32 ZiP on
2013-09-30_11:34:34 ZiP off
2013-09-30_11:35:34 ZiP on
2013-09-30_11:35:35 ZiP off
2013-09-30_11:36:32 ZiP on
2013-09-30_11:36:34 ZiP off
2013-09-30_11:37:34 ZiP on
2013-09-30_11:37:37 ZiP off
2013-09-30_11:38:32 ZiP on
2013-09-30_11:38:34 ZiP off
2013-09-30_11:39:34 ZiP on
2013-09-30_11:39:35 ZiP off
2013-09-30_11:40:32 ZiP on
2013-09-30_11:40:33 ZiP off
2013-09-30_11:41:34 ZiP on
2013-09-30_11:41:36 ZiP off
2013-09-30_11:42:32 ZiP on
2013-09-30_11:42:34 ZiP off
2013-09-30_11:43:34 ZiP on
2013-09-30_11:43:36 ZiP off
2013-09-30_11:44:32 ZiP on
2013-09-30_11:44:34 ZiP off
2013-09-30_11:45:34 ZiP on
2013-09-30_11:45:35 ZiP off
2013-09-30_11:46:32 ZiP on
2013-09-30_11:46:34 ZiP off
2013-09-30_11:47:34 ZiP on
2013-09-30_11:47:36 ZiP off
2013-09-30_11:48:32 ZiP on
2013-09-30_11:48:34 ZiP off
2013-09-30_11:49:34 ZiP on
2013-09-30_11:49:36 ZiP off
2013-09-30_11:50:32 ZiP on
2013-09-30_11:50:33 ZiP off
2013-09-30_11:52:05 ZiP on
2013-09-30_11:53:06 ZiP on
2013-09-30_11:54:05 ZiP on
2013-09-30_11:55:06 ZiP on
2013-09-30_11:56:05 ZiP on
2013-09-30_11:57:07 ZiP on
2013-09-30_11:58:05 ZiP on
2013-09-30_11:59:06 ZiP on
2013-09-30_12:00:05 ZiP on
2013-09-30_12:01:06 ZiP on
2013-09-30_12:02:05 ZiP on
2013-09-30_12:03:06 ZiP on
2013-09-30_12:04:05 ZiP on
2013-09-30_12:05:06 ZiP on
2013-09-30_12:06:05 ZiP on
2013-09-30_12:07:06 ZiP on
2013-09-30_12:08:05 ZiP on
2013-09-30_12:09:06 ZiP on
2013-09-30_12:10:05 ZiP on
2013-09-30_12:11:06 ZiP on
2013-09-30_12:12:05 ZiP on
2013-09-30_12:13:06 ZiP on
2013-09-30_12:14:05 ZiP on
2013-09-30_12:15:06 ZiP on
2013-09-30_12:16:05 ZiP on
2013-09-30_12:17:06 ZiP on
2013-09-30_12:18:05 ZiP on
2013-09-30_12:19:06 ZiP on
2013-09-30_12:20:05 ZiP on
2013-09-30_12:21:06 ZiP on
2013-09-30_12:22:05 ZiP on
2013-09-30_12:23:06 ZiP on
2013-09-30_12:24:05 ZiP on
2013-09-30_12:25:08 ZiP on
2013-09-30_12:26:05 ZiP on
2013-09-30_12:27:07 ZiP on
2013-09-30_12:28:05 ZiP on
2013-09-30_12:29:06 ZiP on
2013-09-30_12:30:05 ZiP on
2013-09-30_12:31:06 ZiP on
2013-09-30_12:32:05 ZiP on
2013-09-30_12:33:06 ZiP on
2013-09-30_12:34:05 ZiP on
2013-09-30_12:35:08 ZiP on
2013-09-30_12:36:05 ZiP on
2013-09-30_12:37:06 ZiP on
2013-09-30_12:38:05 ZiP on
2013-09-30_12:39:08 ZiP on
2013-09-30_12:40:05 ZiP on
2013-09-30_12:41:06 ZiP on
2013-09-30_12:42:05 ZiP on
2013-09-30_12:43:06 ZiP on
2013-09-30_12:44:05 ZiP on
2013-09-30_12:45:06 ZiP on
2013-09-30_12:46:05 ZiP on
2013-09-30_12:47:06 ZiP on
2013-09-30_12:48:05 ZiP on
2013-09-30_12:49:06 ZiP on
2013-09-30_12:50:05 ZiP on
2013-09-30_12:51:06 ZiP on
2013-09-30_12:52:05 ZiP on
2013-09-30_12:53:06 ZiP on
2013-09-30_12:54:05 ZiP on
2013-09-30_12:55:06 ZiP on
2013-09-30_12:56:05 ZiP on
2013-09-30_12:57:06 ZiP on
2013-09-30_12:58:05 ZiP on
2013-09-30_12:59:06 ZiP on
2013-09-30_13:00:05 ZiP on
2013-09-30_13:32:24 ZiP on
2013-09-30_13:33:25 ZiP on
2013-09-30_13:34:24 ZiP on
2013-09-30_13:35:25 ZiP on
2013-09-30_13:36:24 ZiP off
2013-09-30_13:37:25 ZiP off
2013-09-30_13:51:10 ZiP on
2013-09-30_13:52:12 ZiP off
2013-09-30_13:53:10 ZiP off
2013-09-30_13:54:46 ZiP on
2013-09-30_13:55:48 ZiP on
2013-09-30_13:57:03 ZiP on
2013-09-30_13:58:05 ZiP off
2013-09-30_13:59:19 ZiP off
2013-09-30_14:00:21 ZiP off
2013-09-30_14:01:19 ZiP off
2013-09-30_14:02:21 ZiP off
2013-09-30_14:03:19 ZiP off
2013-09-30_14:04:21 ZiP off
2013-09-30_14:05:19 ZiP off
2013-09-30_14:06:21 ZiP off
2013-09-30_14:36:45 ZiP on
2013-09-30_14:37:46 ZiP on
2013-09-30_14:38:45 ZiP on
2013-09-30_14:39:46 ZiP on
2013-09-30_14:40:45 ZiP on
2013-09-30_14:42:24 ZiP on
2013-09-30_14:43:26 ZiP off
2013-09-30_14:44:24 ZiP off
2013-09-30_14:45:26 ZiP off
2013-09-30_14:45:55 ZiP on
2013-09-30_14:46:24 ZiP off
2013-09-30_14:47:26 ZiP on
2013-09-30_14:48:24 ZiP off
2013-09-30_14:49:14 ZiP on
2013-09-30_14:49:26 ZiP off
2013-09-30_14:49:48 ZiP on
2013-09-30_14:50:24 ZiP off
2013-09-30_14:51:26 ZiP off
2013-09-30_14:52:24 ZiP on
2013-09-30_14:53:26 ZiP on
2013-09-30_14:54:24 ZiP on
2013-09-30_14:55:26 ZiP on
2013-09-30_14:56:24 ZiP on
2013-09-30_14:57:26 ZiP on
2013-09-30_14:58:24 ZiP on
2013-09-30_14:59:26 ZiP on
2013-09-30_15:00:24 ZiP on
2013-09-30_15:01:26 ZiP on
2013-09-30_15:02:24 ZiP on
2013-09-30_15:03:26 ZiP on
2013-09-30_15:04:24 ZiP on
2013-09-30_15:05:26 ZiP on
2013-09-30_15:06:24 ZiP off
2013-09-30_15:07:26 ZiP off
2013-09-30_15:08:24 ZiP off
2013-09-30_15:09:26 ZiP off
2013-09-30_15:10:24 ZiP off
2013-09-30_15:11:26 ZiP off
2013-09-30_15:12:24 ZiP off
2013-09-30_15:13:26 ZiP off
2013-09-30_15:14:24 ZiP off
2013-09-30_15:15:26 ZiP on
2013-09-30_15:16:24 ZiP off
2013-09-30_15:17:26 ZiP off
2013-09-30_15:18:24 ZiP off
2013-09-30_15:19:26 ZiP off
2013-09-30_15:20:24 ZiP off
2013-09-30_15:21:26 ZiP off
2013-09-30_15:22:24 ZiP off
2013-09-30_15:23:27 ZiP off
2013-09-30_15:24:24 ZiP off
2013-09-30_15:25:26 ZiP off
2013-09-30_15:26:48 ZiP off
2013-09-30_15:27:49 ZiP off
2013-09-30_15:28:48 ZiP off
2013-09-30_15:29:49 ZiP off
2013-09-30_15:30:48 ZiP off
2013-09-30_15:31:49 ZiP off
2013-09-30_15:32:48 ZiP off
2013-09-30_15:33:49 ZiP off
2013-09-30_15:34:48 ZiP off
2013-09-30_15:35:49 ZiP off
2013-09-30_15:36:48 ZiP off
2013-09-30_15:37:49 ZiP off
2013-09-30_15:38:48 ZiP off
2013-09-30_15:39:49 ZiP off
2013-09-30_15:40:48 ZiP off
2013-09-30_15:41:49 ZiP off
2013-09-30_15:42:48 ZiP off
2013-09-30_15:43:49 ZiP off
2013-09-30_15:44:48 ZiP off
2013-09-30_15:45:49 ZiP off
2013-09-30_15:46:48 ZiP off
2013-09-30_15:47:49 ZiP off
2013-09-30_15:48:48 ZiP off
2013-09-30_15:49:49 ZiP off
2013-09-30_15:50:48 ZiP on
2013-09-30_15:51:49 ZiP on
2013-09-30_15:52:48 ZiP on
2013-09-30_15:53:49 ZiP on
2013-09-30_15:54:48 ZiP on
2013-09-30_15:55:49 ZiP on
2013-09-30_15:56:48 ZiP off
2013-09-30_15:57:49 ZiP off
2013-09-30_15:58:48 ZiP off
2013-09-30_15:59:49 ZiP off
2013-09-30_16:00:48 ZiP off
2013-09-30_16:01:49 ZiP off
2013-09-30_16:02:48 ZiP off
2013-09-30_16:03:49 ZiP off
2013-09-30_16:04:48 ZiP off
2013-09-30_16:05:49 ZiP on
2013-09-30_16:06:48 ZiP on
2013-09-30_16:07:49 ZiP on
2013-09-30_16:08:48 ZiP on
2013-09-30_16:09:49 ZiP on
2013-09-30_16:10:48 ZiP on
2013-09-30_16:11:49 ZiP on
2013-09-30_16:12:48 ZiP on
2013-09-30_16:13:49 ZiP on
2013-09-30_16:14:48 ZiP off
2013-09-30_16:15:49 ZiP off
2013-09-30_16:16:48 ZiP off
2013-09-30_16:17:49 ZiP off
2013-09-30_16:18:48 ZiP off
2013-09-30_16:19:49 ZiP off
2013-09-30_16:20:48 ZiP on
2013-09-30_16:21:49 ZiP on
2013-09-30_16:22:48 ZiP on
2013-09-30_16:23:49 ZiP on
2013-09-30_16:24:48 ZiP on
2013-09-30_16:25:49 ZiP on
2013-09-30_16:26:48 ZiP on
2013-09-30_16:27:49 ZiP on
2013-09-30_16:28:48 ZiP on
2013-09-30_16:29:49 ZiP on
2013-09-30_16:30:48 ZiP on
2013-09-30_16:31:49 ZiP on
2013-09-30_16:32:48 ZiP off
2013-09-30_16:33:49 ZiP off
2013-09-30_16:34:48 ZiP off
2013-09-30_16:35:49 ZiP on
2013-09-30_16:36:48 ZiP on
2013-09-30_16:37:49 ZiP on
2013-09-30_16:38:48 ZiP on
2013-09-30_16:39:49 ZiP on
2013-09-30_16:40:48 ZiP off
2013-09-30_16:41:49 ZiP off
2013-09-30_16:42:48 ZiP off
2013-09-30_16:43:49 ZiP off
2013-09-30_16:44:48 ZiP on
2013-09-30_16:45:49 ZiP on
2013-09-30_16:46:48 ZiP on
2013-09-30_16:47:49 ZiP off
2013-09-30_16:48:48 ZiP off
2013-09-30_16:49:49 ZiP off
2013-09-30_16:50:48 ZiP off
2013-09-30_16:51:49 ZiP off
2013-09-30_16:52:48 ZiP off
2013-09-30_16:53:49 ZiP off
2013-09-30_16:54:48 ZiP off
2013-09-30_16:55:49 ZiP off
2013-09-30_16:56:48 ZiP off
2013-09-30_16:57:49 ZiP off
2013-09-30_16:58:48 ZiP off
2013-09-30_16:59:49 ZiP on
2013-09-30_17:00:48 ZiP on
2013-09-30_17:01:49 ZiP on
2013-09-30_17:02:48 ZiP off
2013-09-30_17:03:49 ZiP off
2013-09-30_17:04:48 ZiP off
2013-09-30_17:05:49 ZiP on
2013-09-30_17:06:48 ZiP on
2013-09-30_17:07:49 ZiP on
2013-09-30_17:08:48 ZiP on
2013-09-30_17:09:49 ZiP on
2013-09-30_17:10:48 ZiP on
2013-09-30_17:11:49 ZiP on
2013-09-30_17:12:48 ZiP on
2013-09-30_17:13:49 ZiP on
2013-09-30_17:14:48 ZiP on
2013-09-30_17:15:49 ZiP on
2013-09-30_17:16:48 ZiP on
2013-09-30_17:17:49 ZiP on
2013-09-30_17:18:48 ZiP on
2013-09-30_17:19:49 ZiP on
2013-09-30_17:20:48 ZiP on
2013-09-30_17:21:49 ZiP on
2013-09-30_17:22:48 ZiP on
2013-09-30_17:23:49 ZiP on
2013-09-30_17:24:48 ZiP on
2013-09-30_17:25:49 ZiP on
2013-09-30_17:26:48 ZiP on
2013-09-30_17:27:49 ZiP on
2013-09-30_17:28:48 ZiP on
2013-09-30_17:29:49 ZiP off
2013-09-30_17:30:48 ZiP off
2013-09-30_17:31:49 ZiP off
2013-09-30_17:32:48 ZiP off
2013-09-30_17:33:49 ZiP off
2013-09-30_17:34:48 ZiP off
2013-09-30_17:35:49 ZiP off
2013-09-30_17:36:48 ZiP off
2013-09-30_17:37:49 ZiP off
2013-09-30_17:38:48 ZiP off
2013-09-30_17:39:49 ZiP off
2013-09-30_17:40:48 ZiP off
2013-09-30_17:41:49 ZiP off
2013-09-30_17:42:48 ZiP off
2013-09-30_17:43:49 ZiP off
2013-09-30_17:44:48 ZiP off
2013-09-30_17:45:49 ZiP off
2013-09-30_17:46:48 ZiP off
2013-09-30_17:47:49 ZiP on
2013-09-30_17:48:48 ZiP on
2013-09-30_17:49:49 ZiP on
2013-09-30_17:50:48 ZiP on
2013-09-30_17:51:49 ZiP on
2013-09-30_17:52:48 ZiP on
2013-09-30_17:53:49 ZiP on
2013-09-30_17:54:48 ZiP on
2013-09-30_17:55:49 ZiP on
2013-09-30_17:56:48 ZiP on
2013-09-30_17:57:49 ZiP on
2013-09-30_17:58:48 ZiP on
2013-09-30_17:59:50 ZiP on
2013-09-30_18:00:48 ZiP on
2013-09-30_18:01:49 ZiP on
2013-09-30_18:02:48 ZiP off
2013-09-30_18:03:49 ZiP off
2013-09-30_18:04:48 ZiP off
2013-09-30_18:05:49 ZiP on
2013-09-30_18:06:48 ZiP on
2013-09-30_18:07:49 ZiP on
2013-09-30_18:08:48 ZiP on
2013-09-30_18:09:49 ZiP on
2013-09-30_18:10:48 ZiP off
2013-09-30_18:11:49 ZiP on
2013-09-30_18:12:48 ZiP on
2013-09-30_18:13:49 ZiP on
2013-09-30_18:14:48 ZiP on
2013-09-30_18:16:46 ZiP on
2013-09-30_18:17:48 ZiP on
2013-09-30_18:18:46 ZiP on
2013-09-30_18:19:48 ZiP off
2013-09-30_18:20:46 ZiP off
2013-09-30_18:21:48 ZiP off
2013-09-30_18:22:46 ZiP on
2013-09-30_18:23:48 ZiP on
2013-09-30_18:24:46 ZiP on
2013-09-30_18:25:48 ZiP on
2013-09-30_18:26:46 ZiP on
2013-09-30_18:27:48 ZiP on
2013-09-30_18:28:46 ZiP off
2013-09-30_18:29:48 ZiP off
2013-09-30_18:30:46 ZiP off
2013-09-30_18:31:48 ZiP off
2013-09-30_18:32:46 ZiP off
2013-09-30_18:33:48 ZiP off
2013-09-30_18:34:46 ZiP off
2013-09-30_18:35:48 ZiP off
2013-09-30_18:36:46 ZiP off
2013-09-30_18:37:48 ZiP off
2013-09-30_18:38:46 ZiP off
2013-09-30_18:39:48 ZiP off
2013-09-30_18:40:46 ZiP on
2013-09-30_18:41:48 ZiP on
2013-09-30_18:42:46 ZiP on
2013-09-30_18:43:48 ZiP on
2013-09-30_18:44:46 ZiP on
2013-09-30_18:45:48 ZiP on
2013-09-30_18:46:46 ZiP on
2013-09-30_18:47:48 ZiP on
2013-09-30_18:48:46 ZiP on
2013-09-30_18:49:48 ZiP on
2013-09-30_18:50:46 ZiP on
2013-09-30_18:51:48 ZiP on
2013-09-30_18:52:46 ZiP on
2013-09-30_18:53:48 ZiP on
2013-09-30_18:54:46 ZiP on
2013-09-30_18:55:48 ZiP on
2013-09-30_18:56:46 ZiP on
2013-09-30_18:57:48 ZiP on
2013-09-30_18:58:46 ZiP on
2013-09-30_18:59:48 ZiP on
2013-09-30_19:00:46 ZiP on
2013-09-30_19:01:48 ZiP on
2013-09-30_19:02:46 ZiP on
2013-09-30_19:03:48 ZiP on
2013-09-30_19:04:46 ZiP on
2013-09-30_19:05:48 ZiP on
2013-09-30_19:06:46 ZiP on
2013-09-30_19:07:48 ZiP on
2013-09-30_19:08:46 ZiP on
2013-09-30_19:09:48 ZiP on
2013-09-30_19:10:46 ZiP on
2013-09-30_19:11:48 ZiP on
2013-09-30_19:12:46 ZiP on
2013-09-30_19:13:48 ZiP on
2013-09-30_19:14:46 ZiP on
2013-09-30_19:15:48 ZiP on
2013-09-30_19:16:46 ZiP on
2013-09-30_19:17:48 ZiP on
2013-09-30_19:18:46 ZiP on
2013-09-30_19:19:48 ZiP on
2013-09-30_19:20:46 ZiP on
2013-09-30_19:21:48 ZiP on
2013-09-30_19:22:46 ZiP on
2013-09-30_19:23:48 ZiP on
2013-09-30_19:24:46 ZiP on
2013-09-30_19:25:48 ZiP on
2013-09-30_19:26:46 ZiP on
2013-09-30_19:27:48 ZiP on
2013-09-30_19:28:46 ZiP on
2013-09-30_19:29:48 ZiP on
2013-09-30_19:30:46 ZiP on
2013-09-30_19:31:48 ZiP on
2013-09-30_19:32:46 ZiP on
2013-09-30_19:33:48 ZiP on
2013-09-30_19:34:46 ZiP on
2013-09-30_19:35:48 ZiP on
2013-09-30_19:36:46 ZiP on
2013-09-30_19:37:48 ZiP on
2013-09-30_19:38:46 ZiP on
2013-09-30_19:39:48 ZiP on
2013-09-30_19:40:46 ZiP on
2013-09-30_19:41:48 ZiP on
2013-09-30_19:42:46 ZiP on
2013-09-30_19:43:48 ZiP on
2013-09-30_19:44:46 ZiP on
2013-09-30_19:45:48 ZiP on
2013-09-30_19:46:46 ZiP on
2013-09-30_19:47:48 ZiP on
2013-09-30_19:48:46 ZiP on
2013-09-30_19:49:48 ZiP on
2013-09-30_19:50:46 ZiP on
2013-09-30_19:51:48 ZiP on
2013-09-30_19:52:46 ZiP on
2013-09-30_19:53:48 ZiP on
2013-09-30_19:54:46 ZiP on
2013-09-30_19:55:48 ZiP on
2013-09-30_19:56:46 ZiP on
2013-09-30_19:57:48 ZiP on
2013-09-30_19:58:46 ZiP on
2013-09-30_19:59:48 ZiP on
2013-09-30_20:00:46 ZiP on
2013-09-30_20:01:48 ZiP on
2013-09-30_20:02:46 ZiP on
2013-09-30_20:03:48 ZiP on
2013-09-30_20:04:46 ZiP on
2013-09-30_20:05:48 ZiP on
2013-09-30_20:06:46 ZiP on
2013-09-30_20:07:48 ZiP on
2013-09-30_20:08:46 ZiP on
2013-09-30_20:09:48 ZiP on
2013-09-30_20:10:46 ZiP on
2013-09-30_20:11:48 ZiP on
2013-09-30_20:12:46 ZiP on
2013-09-30_20:13:48 ZiP on
2013-09-30_20:14:46 ZiP on
2013-09-30_20:15:48 ZiP on
2013-09-30_20:16:46 ZiP on
2013-09-30_20:17:48 ZiP on
2013-09-30_20:18:46 ZiP on
2013-09-30_20:19:48 ZiP on
2013-09-30_20:20:46 ZiP on
2013-09-30_20:21:48 ZiP on
2013-09-30_20:22:46 ZiP on
2013-09-30_20:23:48 ZiP on
2013-09-30_20:24:46 ZiP on
2013-09-30_20:25:48 ZiP on
2013-09-30_20:26:46 ZiP on
2013-09-30_20:27:48 ZiP on
2013-09-30_20:28:46 ZiP on
2013-09-30_20:29:48 ZiP on
2013-09-30_20:30:46 ZiP on
2013-09-30_20:31:48 ZiP on
2013-09-30_20:32:46 ZiP on
2013-09-30_20:33:48 ZiP on
2013-09-30_20:34:46 ZiP on
2013-09-30_20:35:48 ZiP on
2013-09-30_20:36:46 ZiP on
2013-09-30_20:37:48 ZiP on
2013-09-30_20:38:46 ZiP on
2013-09-30_20:39:48 ZiP on
2013-09-30_20:40:46 ZiP on
2013-09-30_20:41:48 ZiP on
2013-09-30_20:42:46 ZiP on
2013-09-30_20:43:48 ZiP on
2013-09-30_20:44:46 ZiP on
2013-09-30_20:45:48 ZiP on
2013-09-30_20:46:46 ZiP on
2013-09-30_20:47:48 ZiP on
2013-09-30_20:48:46 ZiP on
2013-09-30_20:49:48 ZiP on
2013-09-30_20:50:46 ZiP on
2013-09-30_20:51:48 ZiP on
2013-09-30_20:52:46 ZiP on
2013-09-30_20:53:48 ZiP on
2013-09-30_20:54:46 ZiP on
2013-09-30_20:55:48 ZiP on
2013-09-30_20:56:46 ZiP on
2013-09-30_20:57:48 ZiP on
2013-09-30_20:58:46 ZiP on
2013-09-30_20:59:48 ZiP on
2013-09-30_21:00:46 ZiP on
2013-09-30_21:01:48 ZiP on
2013-09-30_21:02:46 ZiP on
2013-09-30_21:03:48 ZiP on
2013-09-30_21:04:46 ZiP on
2013-09-30_21:05:48 ZiP on
2013-09-30_21:06:46 ZiP on
2013-09-30_21:07:48 ZiP on
2013-09-30_21:08:46 ZiP on
2013-09-30_21:09:48 ZiP on
2013-09-30_21:10:46 ZiP on
2013-09-30_21:11:48 ZiP on
2013-09-30_21:12:46 ZiP on
2013-09-30_21:13:48 ZiP on
2013-09-30_21:14:46 ZiP on
2013-09-30_21:15:48 ZiP on
2013-09-30_21:16:46 ZiP on
2013-09-30_21:17:48 ZiP on
2013-09-30_21:18:46 ZiP on
2013-09-30_21:19:48 ZiP on
2013-09-30_21:20:46 ZiP on
2013-09-30_21:21:48 ZiP on
2013-09-30_21:22:46 ZiP on
2013-09-30_21:23:48 ZiP on
2013-09-30_21:24:46 ZiP on
2013-09-30_21:25:48 ZiP on
2013-09-30_21:26:46 ZiP on
2013-09-30_21:27:48 ZiP on
2013-09-30_21:28:46 ZiP on
2013-09-30_21:29:48 ZiP on
2013-09-30_21:30:46 ZiP on
2013-09-30_21:31:48 ZiP on
2013-09-30_21:32:46 ZiP on
2013-09-30_21:33:48 ZiP on
2013-09-30_21:34:46 ZiP on
2013-09-30_21:35:48 ZiP on
2013-09-30_21:36:46 ZiP on
2013-09-30_21:37:48 ZiP on
2013-09-30_21:38:46 ZiP on
2013-09-30_21:39:48 ZiP on
2013-09-30_21:40:46 ZiP on
2013-09-30_21:41:48 ZiP on
2013-09-30_21:42:46 ZiP on
2013-09-30_21:43:48 ZiP on
2013-09-30_21:44:46 ZiP on
2013-09-30_21:45:48 ZiP on
2013-09-30_21:46:46 ZiP on
2013-09-30_21:47:48 ZiP on
2013-09-30_21:48:46 ZiP on
2013-09-30_21:49:49 ZiP on
2013-09-30_21:50:46 ZiP on
2013-09-30_21:51:48 ZiP on
2013-09-30_21:52:46 ZiP on
2013-09-30_21:53:48 ZiP on
2013-09-30_21:54:46 ZiP on
2013-09-30_21:55:48 ZiP on
2013-09-30_21:56:46 ZiP on
2013-09-30_21:57:48 ZiP on
2013-09-30_21:58:46 ZiP on
2013-09-30_21:59:48 ZiP on
2013-09-30_22:00:46 ZiP off
2013-09-30_22:01:48 ZiP off
2013-09-30_22:02:46 ZiP off
2013-09-30_22:03:48 ZiP off
2013-09-30_22:04:46 ZiP off
2013-09-30_22:05:48 ZiP off
2013-09-30_22:06:46 ZiP off
2013-09-30_22:07:48 ZiP off
2013-09-30_22:08:46 ZiP off
2013-09-30_22:09:48 ZiP off
2013-09-30_22:10:46 ZiP off
2013-09-30_22:11:48 ZiP off
2013-09-30_22:12:46 ZiP off
2013-09-30_22:13:48 ZiP off
2013-09-30_22:14:46 ZiP off
2013-09-30_22:15:48 ZiP off
2013-09-30_22:16:46 ZiP off
2013-09-30_22:17:48 ZiP off
2013-09-30_22:18:46 ZiP off
2013-09-30_22:19:48 ZiP off
2013-09-30_22:20:46 ZiP off
2013-09-30_22:21:48 ZiP off
2013-09-30_22:22:46 ZiP off
2013-09-30_22:23:48 ZiP off
2013-09-30_22:24:46 ZiP off
2013-09-30_22:25:48 ZiP off
2013-09-30_22:26:46 ZiP off
2013-09-30_22:27:48 ZiP off
2013-09-30_22:28:46 ZiP off
2013-09-30_22:29:48 ZiP off
2013-09-30_22:30:46 ZiP off
2013-09-30_22:31:48 ZiP off
2013-09-30_22:32:46 ZiP off
2013-09-30_22:33:48 ZiP off
2013-09-30_22:34:46 ZiP off
2013-09-30_22:35:48 ZiP off
2013-09-30_22:36:46 ZiP off
2013-09-30_22:37:48 ZiP off
2013-09-30_22:38:46 ZiP off
2013-09-30_22:39:48 ZiP off
2013-09-30_22:40:46 ZiP off
2013-09-30_22:41:48 ZiP off
2013-09-30_22:42:46 ZiP off
2013-09-30_22:43:48 ZiP off
2013-09-30_22:44:46 ZiP off
2013-09-30_22:45:48 ZiP off
2013-09-30_22:46:46 ZiP off
2013-09-30_22:47:48 ZiP off
2013-09-30_22:48:46 ZiP off
2013-09-30_22:49:48 ZiP off
2013-09-30_22:50:46 ZiP off
2013-09-30_22:51:48 ZiP off
2013-09-30_22:52:46 ZiP off
2013-09-30_22:53:48 ZiP off
2013-09-30_22:54:46 ZiP off
2013-09-30_22:55:48 ZiP off
2013-09-30_22:56:46 ZiP off
2013-09-30_22:57:48 ZiP off
2013-09-30_22:58:46 ZiP off
2013-09-30_22:59:48 ZiP off
2013-09-30_23:00:46 ZiP off
2013-09-30_23:01:48 ZiP off
2013-09-30_23:02:46 ZiP off
2013-09-30_23:03:48 ZiP off
2013-09-30_23:04:46 ZiP off
2013-09-30_23:05:48 ZiP off
2013-09-30_23:06:46 ZiP off
2013-09-30_23:07:48 ZiP off
2013-09-30_23:08:46 ZiP off
2013-09-30_23:09:48 ZiP off
2013-09-30_23:10:46 ZiP off
2013-09-30_23:11:48 ZiP off
2013-09-30_23:12:46 ZiP off
2013-09-30_23:13:48 ZiP off
2013-09-30_23:14:46 ZiP off
2013-09-30_23:15:48 ZiP off
2013-09-30_23:16:46 ZiP off
2013-09-30_23:17:48 ZiP off
2013-09-30_23:18:46 ZiP off
2013-09-30_23:19:48 ZiP off
2013-09-30_23:20:46 ZiP off
2013-09-30_23:21:48 ZiP off
2013-09-30_23:22:46 ZiP off
2013-09-30_23:23:48 ZiP off
2013-09-30_23:24:46 ZiP off
2013-09-30_23:25:48 ZiP off
2013-09-30_23:26:46 ZiP off
2013-09-30_23:27:48 ZiP off
2013-09-30_23:28:46 ZiP off
2013-09-30_23:29:48 ZiP off
2013-09-30_23:30:46 ZiP off
2013-09-30_23:31:48 ZiP off
2013-09-30_23:32:46 ZiP off
2013-09-30_23:33:48 ZiP off
2013-09-30_23:34:46 ZiP off
2013-09-30_23:35:48 ZiP off
2013-09-30_23:36:46 ZiP off
2013-09-30_23:37:48 ZiP off
2013-09-30_23:38:46 ZiP off
2013-09-30_23:39:48 ZiP off
2013-09-30_23:40:46 ZiP off
2013-09-30_23:41:48 ZiP off
2013-09-30_23:42:46 ZiP off
2013-09-30_23:43:48 ZiP off
2013-09-30_23:44:46 ZiP off
2013-09-30_23:45:48 ZiP off
2013-09-30_23:46:46 ZiP off
2013-09-30_23:47:48 ZiP off
2013-09-30_23:48:46 ZiP off
2013-09-30_23:49:48 ZiP off
2013-09-30_23:50:46 ZiP off
2013-09-30_23:51:48 ZiP off
2013-09-30_23:52:46 ZiP off
2013-09-30_23:53:48 ZiP off
2013-09-30_23:54:46 ZiP off
2013-09-30_23:55:48 ZiP off
2013-09-30_23:56:46 ZiP off
2013-09-30_23:57:48 ZiP off
2013-09-30_23:58:46 ZiP off
2013-09-30_23:59:48 ZiP off
